#
# There is insufficient memory for the Java Runtime Environment to continue.
# Native memory allocation (malloc) failed to allocate 32744 bytes. Error detail: Chunk::new
# Possible reasons:
#   The system is out of physical RAM or swap space
#   This process is running with CompressedOops enabled, and the Java Heap may be blocking the growth of the native heap
# Possible solutions:
#   Reduce memory load on the system
#   Increase physical memory or swap space
#   Check if swap backing store is full
#   Decrease Java heap size (-Xmx/-Xms)
#   Decrease number of Java threads
#   Decrease Java thread stack sizes (-Xss)
#   Set larger code cache with -XX:ReservedCodeCacheSize=
#   JVM is running with Unscaled Compressed Oops mode in which the Java heap is
#     placed in the first 4GB address space. The Java Heap base address is the
#     maximum limit for the native heap growth. Please use -XX:HeapBaseMinAddress
#     to set the Java Heap base and to place the Java Heap above 4GB virtual address.
# This output file may be truncated or incomplete.
#
#  Out of Memory Error (arena.cpp:168), pid=9460, tid=4584
#
# JRE version: OpenJDK Runtime Environment Temurin-21.0.7+6 (21.0.7+6) (build 21.0.7+6-LTS)
# Java VM: OpenJDK 64-Bit Server VM Temurin-21.0.7+6 (21.0.7+6-LTS, mixed mode, sharing, tiered, compressed oops, compressed class ptrs, parallel gc, windows-amd64)
# No core dump will be written. Minidumps are not enabled by default on client versions of Windows
#

---------------  S U M M A R Y ------------

Command Line: --add-modules=ALL-SYSTEM --add-opens=java.base/java.util=ALL-UNNAMED --add-opens=java.base/java.lang=ALL-UNNAMED --add-opens=java.base/sun.nio.fs=ALL-UNNAMED -Declipse.application=org.eclipse.jdt.ls.core.id1 -Dosgi.bundles.defaultStartLevel=4 -Declipse.product=org.eclipse.jdt.ls.core.product -Djava.import.generatesMetadataFilesAtProjectRoot=false -DDetectVMInstallationsJob.disabled=true -Dfile.encoding=utf8 -XX:+UseParallelGC -XX:GCTimeRatio=4 -XX:AdaptiveSizePolicyWeight=90 -Dsun.zip.disableMemoryMapping=true -Xmx1G -Xms100m -Xlog:disable -javaagent:c:\Users\Oscar\.vscode\extensions\redhat.java-1.42.0-win32-x64\lombok\lombok-1.18.36.jar c:\Users\Oscar\.vscode\extensions\redhat.java-1.42.0-win32-x64\server\plugins\org.eclipse.equinox.launcher_1.7.0.v20250424-1814.jar -configuration c:\Users\Oscar\AppData\Roaming\Code\User\globalStorage\redhat.java\1.42.0\config_ss_win -data c:\Users\Oscar\AppData\Roaming\Code\User\workspaceStorage\7b54abe406377720035372ceba0e6683\redhat.java\ss_ws --pipe=\\.\pipe\lsp-7c627ccf7160ce091b359c0334a7e6d9-sock

Host: Intel(R) Core(TM) i3-1005G1 CPU @ 1.20GHz, 4 cores, 3G,  Windows 11 , 64 bit Build 26100 (10.0.26100.4202)
Time: Wed Jun 18 22:16:15 2025 Hora est. Pacífico, Sudamérica elapsed time: 1.775232 seconds (0d 0h 0m 1s)

---------------  T H R E A D  ---------------

Current thread (0x0000025e42416700):  JavaThread "C1 CompilerThread0" daemon [_thread_in_native, id=4584, stack(0x0000008e06400000,0x0000008e06500000) (1024K)]


Current CompileTask:
C1:1775  667       3       java.math.BigInteger::<init> (404 bytes)

Stack: [0x0000008e06400000,0x0000008e06500000]
Native frames: (J=compiled Java code, j=interpreted, Vv=VM code, C=native code)
V  [jvm.dll+0x6ce119]
V  [jvm.dll+0x8a84a1]
V  [jvm.dll+0x8aa9ce]
V  [jvm.dll+0x8ab0b3]
V  [jvm.dll+0x27f8a6]
V  [jvm.dll+0xc507d]
V  [jvm.dll+0xc55b3]
V  [jvm.dll+0x160a00]
V  [jvm.dll+0x1632d9]
V  [jvm.dll+0x157064]
V  [jvm.dll+0x162a76]
V  [jvm.dll+0x165a87]
V  [jvm.dll+0x1654a6]
V  [jvm.dll+0x15d088]
V  [jvm.dll+0x15f309]
V  [jvm.dll+0x15d925]
V  [jvm.dll+0x157857]
V  [jvm.dll+0x1670a6]
V  [jvm.dll+0x152cb0]
V  [jvm.dll+0x153033]
V  [jvm.dll+0x153304]
V  [jvm.dll+0x152736]
V  [jvm.dll+0x15450d]
V  [jvm.dll+0x25695a]
V  [jvm.dll+0x254efa]
V  [jvm.dll+0x3f03f6]
V  [jvm.dll+0x851f6b]
V  [jvm.dll+0x6cc7dd]
C  [ucrtbase.dll+0x37b0]
C  [KERNEL32.DLL+0x2e8d7]
C  [ntdll.dll+0x3c34c]


---------------  P R O C E S S  ---------------

Threads class SMR info:
_java_thread_list=0x0000025e844de1d0, length=11, elements={
0x0000025e2e06d4a0, 0x0000025e4239c0f0, 0x0000025e4239f3d0, 0x0000025e423a1f20,
0x0000025e423a2b70, 0x0000025e423a55d0, 0x0000025e423a6020, 0x0000025e423a8e60,
0x0000025e42416700, 0x0000025e84244d50, 0x0000025e844db020
}

Java Threads: ( => current thread )
  0x0000025e2e06d4a0 JavaThread "main"                              [_thread_in_vm, id=18336, stack(0x0000008e05900000,0x0000008e05a00000) (1024K)]
  0x0000025e4239c0f0 JavaThread "Reference Handler"          daemon [_thread_blocked, id=12908, stack(0x0000008e05d00000,0x0000008e05e00000) (1024K)]
  0x0000025e4239f3d0 JavaThread "Finalizer"                  daemon [_thread_blocked, id=17740, stack(0x0000008e05e00000,0x0000008e05f00000) (1024K)]
  0x0000025e423a1f20 JavaThread "Signal Dispatcher"          daemon [_thread_blocked, id=17656, stack(0x0000008e05f00000,0x0000008e06000000) (1024K)]
  0x0000025e423a2b70 JavaThread "Attach Listener"            daemon [_thread_blocked, id=12456, stack(0x0000008e06000000,0x0000008e06100000) (1024K)]
  0x0000025e423a55d0 JavaThread "Service Thread"             daemon [_thread_blocked, id=17716, stack(0x0000008e06100000,0x0000008e06200000) (1024K)]
  0x0000025e423a6020 JavaThread "Monitor Deflation Thread"   daemon [_thread_blocked, id=5456, stack(0x0000008e06200000,0x0000008e06300000) (1024K)]
  0x0000025e423a8e60 JavaThread "C2 CompilerThread0"         daemon [_thread_in_native, id=15620, stack(0x0000008e06300000,0x0000008e06400000) (1024K)]
=>0x0000025e42416700 JavaThread "C1 CompilerThread0"         daemon [_thread_in_native, id=4584, stack(0x0000008e06400000,0x0000008e06500000) (1024K)]
  0x0000025e84244d50 JavaThread "Common-Cleaner"             daemon [_thread_blocked, id=17888, stack(0x0000008e06500000,0x0000008e06600000) (1024K)]
  0x0000025e844db020 JavaThread "Notification Thread"        daemon [_thread_blocked, id=17308, stack(0x0000008e06600000,0x0000008e06700000) (1024K)]
Total: 11

Other Threads:
  0x0000025e2e12de50 VMThread "VM Thread"                           [id=7544, stack(0x0000008e05c00000,0x0000008e05d00000) (1024K)]
  0x0000025e2e0d8f10 WatcherThread "VM Periodic Task Thread"        [id=18160, stack(0x0000008e05b00000,0x0000008e05c00000) (1024K)]
  0x0000025e2e08abe0 WorkerThread "GC Thread#0"                     [id=6592, stack(0x0000008e05a00000,0x0000008e05b00000) (1024K)]
Total: 3

Threads with active compile tasks:
C2 CompilerThread0  1851  657       4       lombok.patcher.scripts.MethodLevelPatchScript::patch (21 bytes)
C1 CompilerThread0  1851  667       3       java.math.BigInteger::<init> (404 bytes)
Total: 2

VM state: not at safepoint (normal execution)

VM Mutex/Monitor currently owned by a thread:  ([mutex/lock_event])
[0x00007ffeaeb0c308] Metaspace_lock - owner thread: 0x0000025e2e06d4a0

Heap address: 0x00000000c0000000, size: 1024 MB, Compressed Oops mode: 32-bit

CDS archive(s) mapped at: [0x0000025e43000000-0x0000025e43ba0000-0x0000025e43ba0000), size 12189696, SharedBaseAddress: 0x0000025e43000000, ArchiveRelocationMode: 1.
Compressed class space mapped at: 0x0000025e44000000-0x0000025e84000000, reserved size: 1073741824
Narrow klass base: 0x0000025e43000000, Narrow klass shift: 0, Narrow klass range: 0x100000000

GC Precious Log:
 CardTable entry size: 512
 CPUs: 4 total, 4 available
 Memory: 3784M
 Large Page Support: Disabled
 NUMA Support: Disabled
 Compressed Oops: Enabled (32-bit)
 Alignments: Space 512K, Generation 512K, Heap 2M
 Heap Min Capacity: 100M
 Heap Initial Capacity: 100M
 Heap Max Capacity: 1G
 Pre-touch: Disabled
 Parallel Workers: 4

Heap:
 PSYoungGen      total 29696K, used 13309K [0x00000000eab00000, 0x00000000ecc00000, 0x0000000100000000)
  eden space 25600K, 51% used [0x00000000eab00000,0x00000000eb7ff768,0x00000000ec400000)
  from space 4096K, 0% used [0x00000000ec800000,0x00000000ec800000,0x00000000ecc00000)
  to   space 4096K, 0% used [0x00000000ec400000,0x00000000ec400000,0x00000000ec800000)
 ParOldGen       total 68608K, used 0K [0x00000000c0000000, 0x00000000c4300000, 0x00000000eab00000)
  object space 68608K, 0% used [0x00000000c0000000,0x00000000c0000000,0x00000000c4300000)
 Metaspace       used 2399K, committed 2560K, reserved 1114112K
  class space    used 238K, committed 320K, reserved 1048576K

Card table byte_map: [0x0000025e2da10000,0x0000025e2dc20000] _byte_map_base: 0x0000025e2d410000

Marking Bits: (ParMarkBitMap*) 0x00007ffeaeb131f0
 Begin Bits: [0x0000025e40260000, 0x0000025e41260000)
 End Bits:   [0x0000025e41260000, 0x0000025e42260000)

Polling page: 0x0000025e2bc90000

Metaspace:

Usage:
  Non-class:      2.11 MB used.
      Class:    238.76 KB used.
       Both:      2.34 MB used.

Virtual space:
  Non-class space:       64.00 MB reserved,       2.19 MB (  3%) committed,  1 nodes.
      Class space:        1.00 GB reserved,     320.00 KB ( <1%) committed,  1 nodes.
             Both:        1.06 GB reserved,       2.50 MB ( <1%) committed. 

Chunk freelists:
   Non-Class:  11.65 MB
       Class:  15.67 MB
        Both:  27.32 MB

MaxMetaspaceSize: unlimited
CompressedClassSpaceSize: 1.00 GB
Initial GC threshold: 21.00 MB
Current GC threshold: 21.00 MB
CDS: on
 - commit_granule_bytes: 65536.
 - commit_granule_words: 8192.
 - virtual_space_node_default_size: 8388608.
 - enlarge_chunks_in_place: 1.
 - use_allocation_guard: 0.


Internal statistics:

num_allocs_failed_limit: 0.
num_arena_births: 80.
num_arena_deaths: 0.
num_vsnodes_births: 2.
num_vsnodes_deaths: 0.
num_space_committed: 40.
num_space_uncommitted: 0.
num_chunks_returned_to_freelist: 0.
num_chunks_taken_from_freelist: 102.
num_chunk_merges: 0.
num_chunk_splits: 71.
num_chunks_enlarged: 46.
num_inconsistent_stats: 0.

CodeHeap 'non-profiled nmethods': size=120000Kb used=248Kb max_used=248Kb free=119751Kb
 bounds [0x0000025e38d30000, 0x0000025e38fa0000, 0x0000025e40260000]
CodeHeap 'profiled nmethods': size=120000Kb used=979Kb max_used=979Kb free=119021Kb
 bounds [0x0000025e31260000, 0x0000025e314d0000, 0x0000025e38790000]
CodeHeap 'non-nmethods': size=5760Kb used=1189Kb max_used=1196Kb free=4571Kb
 bounds [0x0000025e38790000, 0x0000025e38a00000, 0x0000025e38d30000]
 total_blobs=1102 nmethods=666 adapters=343
 compilation: enabled
              stopped_count=0, restarted_count=0
 full_count=0

Compilation events (20 events):
Event: 1.738 Thread 0x0000025e42416700 nmethod 655 0x0000025e31351410 code [0x0000025e31351620, 0x0000025e31351b90]
Event: 1.739 Thread 0x0000025e423a8e60 nmethod 653 0x0000025e38d6bb90 code [0x0000025e38d6bd40, 0x0000025e38d6c1d0]
Event: 1.739 Thread 0x0000025e423a8e60  656       4       java.util.Collections$UnmodifiableCollection::iterator (9 bytes)
Event: 1.743 Thread 0x0000025e42416700  658       3       java.math.BigInteger::destructiveMulAdd (150 bytes)
Event: 1.743 Thread 0x0000025e42416700 nmethod 658 0x0000025e31351d90 code [0x0000025e31351f40, 0x0000025e31352270]
Event: 1.743 Thread 0x0000025e42416700  659       3       java.lang.StringLatin1::toLowerCase (186 bytes)
Event: 1.744 Thread 0x0000025e42416700 nmethod 659 0x0000025e31352410 code [0x0000025e313526a0, 0x0000025e31353128]
Event: 1.745 Thread 0x0000025e42416700  663   !   3       sun.instrument.TransformerManager::transform (100 bytes)
Event: 1.745 Thread 0x0000025e42416700 nmethod 663 0x0000025e31353590 code [0x0000025e31353760, 0x0000025e31353bf0]
Event: 1.745 Thread 0x0000025e42416700  662       3       sun.instrument.InstrumentationImpl::transform (73 bytes)
Event: 1.746 Thread 0x0000025e42416700 nmethod 662 0x0000025e31353e90 code [0x0000025e31354060, 0x0000025e313543d8]
Event: 1.746 Thread 0x0000025e42416700  664       3       java.io.ByteArrayOutputStream::ensureCapacity (32 bytes)
Event: 1.746 Thread 0x0000025e42416700 nmethod 664 0x0000025e31354590 code [0x0000025e31354760, 0x0000025e31354ab8]
Event: 1.751 Thread 0x0000025e423a8e60 nmethod 656 0x0000025e38d6c390 code [0x0000025e38d6c5a0, 0x0000025e38d6ccf8]
Event: 1.751 Thread 0x0000025e423a8e60  660       4       java.lang.CharacterData::of (136 bytes)
Event: 1.752 Thread 0x0000025e423a8e60 nmethod 660 0x0000025e38d6d190 code [0x0000025e38d6d320, 0x0000025e38d6d3b8]
Event: 1.752 Thread 0x0000025e423a8e60  665       4       java.lang.CharacterDataLatin1::digit (32 bytes)
Event: 1.753 Thread 0x0000025e423a8e60 nmethod 665 0x0000025e38d6d490 code [0x0000025e38d6d620, 0x0000025e38d6d740]
Event: 1.753 Thread 0x0000025e423a8e60  657       4       lombok.patcher.scripts.MethodLevelPatchScript::patch (21 bytes)
Event: 1.769 Thread 0x0000025e42416700  667       3       java.math.BigInteger::<init> (404 bytes)

GC Heap History (0 events):
No events

Dll operation events (8 events):
Event: 0.344 Loaded shared library c:\Users\Oscar\.vscode\extensions\redhat.java-1.42.0-win32-x64\jre\21.0.7-win32-x86_64\bin\java.dll
Event: 0.737 Loaded shared library c:\Users\Oscar\.vscode\extensions\redhat.java-1.42.0-win32-x64\jre\21.0.7-win32-x86_64\bin\zip.dll
Event: 0.790 Loaded shared library C:\Users\Oscar\.vscode\extensions\redhat.java-1.42.0-win32-x64\jre\21.0.7-win32-x86_64\bin\instrument.dll
Event: 0.799 Loaded shared library C:\Users\Oscar\.vscode\extensions\redhat.java-1.42.0-win32-x64\jre\21.0.7-win32-x86_64\bin\net.dll
Event: 0.806 Loaded shared library C:\Users\Oscar\.vscode\extensions\redhat.java-1.42.0-win32-x64\jre\21.0.7-win32-x86_64\bin\nio.dll
Event: 0.811 Loaded shared library C:\Users\Oscar\.vscode\extensions\redhat.java-1.42.0-win32-x64\jre\21.0.7-win32-x86_64\bin\zip.dll
Event: 0.841 Loaded shared library C:\Users\Oscar\.vscode\extensions\redhat.java-1.42.0-win32-x64\jre\21.0.7-win32-x86_64\bin\jimage.dll
Event: 1.085 Loaded shared library c:\Users\Oscar\.vscode\extensions\redhat.java-1.42.0-win32-x64\jre\21.0.7-win32-x86_64\bin\verify.dll

Deoptimization events (20 events):
Event: 1.363 Thread 0x0000025e2e06d4a0 DEOPT PACKING pc=0x0000025e38d41160 sp=0x0000008e059fefc0
Event: 1.364 Thread 0x0000025e2e06d4a0 DEOPT UNPACKING pc=0x0000025e387e6da2 sp=0x0000008e059fef00 mode 2
Event: 1.368 Thread 0x0000025e2e06d4a0 Uncommon trap: trap_request=0xffffffde fr.pc=0x0000025e38d3dec8 relative=0x00000000000007a8
Event: 1.368 Thread 0x0000025e2e06d4a0 Uncommon trap: reason=class_check action=maybe_recompile pc=0x0000025e38d3dec8 method=java.util.HashMap.putVal(ILjava/lang/Object;Ljava/lang/Object;ZZ)Ljava/lang/Object; @ 152 c2
Event: 1.368 Thread 0x0000025e2e06d4a0 DEOPT PACKING pc=0x0000025e38d3dec8 sp=0x0000008e059fedf0
Event: 1.368 Thread 0x0000025e2e06d4a0 DEOPT UNPACKING pc=0x0000025e387e6da2 sp=0x0000008e059fed50 mode 2
Event: 1.368 Thread 0x0000025e2e06d4a0 Uncommon trap: trap_request=0xffffffde fr.pc=0x0000025e38d3dec8 relative=0x00000000000007a8
Event: 1.368 Thread 0x0000025e2e06d4a0 Uncommon trap: reason=class_check action=maybe_recompile pc=0x0000025e38d3dec8 method=java.util.HashMap.putVal(ILjava/lang/Object;Ljava/lang/Object;ZZ)Ljava/lang/Object; @ 152 c2
Event: 1.368 Thread 0x0000025e2e06d4a0 DEOPT PACKING pc=0x0000025e38d3dec8 sp=0x0000008e059fedf0
Event: 1.368 Thread 0x0000025e2e06d4a0 DEOPT UNPACKING pc=0x0000025e387e6da2 sp=0x0000008e059fed50 mode 2
Event: 1.371 Thread 0x0000025e2e06d4a0 DEOPT PACKING pc=0x0000025e3129b1d8 sp=0x0000008e059fca30
Event: 1.371 Thread 0x0000025e2e06d4a0 DEOPT UNPACKING pc=0x0000025e387e78e2 sp=0x0000008e059fbef0 mode 0
Event: 1.712 Thread 0x0000025e2e06d4a0 Uncommon trap: trap_request=0xffffff45 fr.pc=0x0000025e38d64dfc relative=0x000000000000015c
Event: 1.713 Thread 0x0000025e2e06d4a0 Uncommon trap: reason=unstable_if action=reinterpret pc=0x0000025e38d64dfc method=jdk.internal.util.ArraysSupport.vectorizedHashCode(Ljava/lang/Object;IIII)I @ 2 c2
Event: 1.713 Thread 0x0000025e2e06d4a0 DEOPT PACKING pc=0x0000025e38d64dfc sp=0x0000008e059fcc60
Event: 1.713 Thread 0x0000025e2e06d4a0 DEOPT UNPACKING pc=0x0000025e387e6da2 sp=0x0000008e059fcc10 mode 2
Event: 1.729 Thread 0x0000025e2e06d4a0 Uncommon trap: trap_request=0xffffff45 fr.pc=0x0000025e38d517f4 relative=0x00000000000000d4
Event: 1.729 Thread 0x0000025e2e06d4a0 Uncommon trap: reason=unstable_if action=reinterpret pc=0x0000025e38d517f4 method=java.net.URI.match(CJJ)Z @ 45 c2
Event: 1.729 Thread 0x0000025e2e06d4a0 DEOPT PACKING pc=0x0000025e38d517f4 sp=0x0000008e059fcf00
Event: 1.729 Thread 0x0000025e2e06d4a0 DEOPT UNPACKING pc=0x0000025e387e6da2 sp=0x0000008e059fce68 mode 2

Classes loaded (20 events):
Event: 1.738 Loading class sun/security/util/AbstractAlgorithmConstraints$1
Event: 1.739 Loading class sun/security/util/AbstractAlgorithmConstraints$1 done
Event: 1.739 Loading class sun/security/util/DisabledAlgorithmConstraints$Constraints
Event: 1.740 Loading class sun/security/util/DisabledAlgorithmConstraints$Constraints done
Event: 1.740 Loading class sun/security/util/CurveDB
Event: 1.740 Loading class sun/security/util/CurveDB done
Event: 1.741 Loading class java/security/spec/ECFieldFp
Event: 1.741 Loading class java/security/spec/ECField
Event: 1.741 Loading class java/security/spec/ECField done
Event: 1.741 Loading class java/security/spec/ECFieldFp done
Event: 1.741 Loading class java/security/spec/EllipticCurve
Event: 1.741 Loading class java/security/spec/EllipticCurve done
Event: 1.741 Loading class java/security/spec/ECPoint
Event: 1.741 Loading class java/security/spec/ECPoint done
Event: 1.741 Loading class sun/security/util/NamedCurve
Event: 1.742 Loading class java/security/spec/ECParameterSpec
Event: 1.742 Loading class java/security/spec/ECParameterSpec done
Event: 1.742 Loading class sun/security/util/NamedCurve done
Event: 1.745 Loading class java/security/spec/ECFieldF2m
Event: 1.745 Loading class java/security/spec/ECFieldF2m done

Classes unloaded (0 events):
No events

Classes redefined (0 events):
No events

Internal exceptions (12 events):
Event: 0.720 Thread 0x0000025e2e06d4a0 Exception <a 'java/lang/NoSuchMethodError'{0x00000000ead29ee0}: 'void java.lang.invoke.DirectMethodHandle$Holder.invokeStatic(java.lang.Object, java.lang.Object, java.lang.Object)'> (0x00000000ead29ee0) 
thrown [s\src\hotspot\share\interpreter\linkResolver.cpp, line 773]
Event: 0.829 Thread 0x0000025e2e06d4a0 Exception <a 'java/lang/NoSuchMethodError'{0x00000000eae926b8}: 'java.lang.Object java.lang.invoke.Invokers$Holder.invokeExact_MT(java.lang.Object, java.lang.Object, java.lang.Object, java.lang.Object, java.lang.Object)'> (0x00000000eae926b8) 
thrown [s\src\hotspot\share\interpreter\linkResolver.cpp, line 773]
Event: 0.954 Thread 0x0000025e2e06d4a0 Exception <a 'java/lang/NoSuchMethodError'{0x00000000eaf4bc90}: 'int java.lang.invoke.DirectMethodHandle$Holder.invokeSpecial(java.lang.Object, java.lang.Object, java.lang.Object, int)'> (0x00000000eaf4bc90) 
thrown [s\src\hotspot\share\interpreter\linkResolver.cpp, line 773]
Event: 0.960 Thread 0x0000025e2e06d4a0 Exception <a 'java/lang/NoSuchMethodError'{0x00000000eaf5e678}: 'java.lang.Object java.lang.invoke.DirectMethodHandle$Holder.invokeStatic(java.lang.Object, java.lang.Object, java.lang.Object, java.lang.Object, int)'> (0x00000000eaf5e678) 
thrown [s\src\hotspot\share\interpreter\linkResolver.cpp, line 773]
Event: 0.967 Thread 0x0000025e2e06d4a0 Exception <a 'java/lang/NoSuchMethodError'{0x00000000eaf69b20}: 'void java.lang.invoke.DelegatingMethodHandle$Holder.reinvoke_L(java.lang.Object, java.lang.Object, java.lang.Object, int, java.lang.Object)'> (0x00000000eaf69b20) 
thrown [s\src\hotspot\share\interpreter\linkResolver.cpp, line 773]
Event: 0.973 Thread 0x0000025e2e06d4a0 Exception <a 'java/lang/NoSuchMethodError'{0x00000000eaf7a470}: 'int java.lang.invoke.DirectMethodHandle$Holder.invokeSpecial(java.lang.Object, java.lang.Object, java.lang.Object)'> (0x00000000eaf7a470) 
thrown [s\src\hotspot\share\interpreter\linkResolver.cpp, line 773]
Event: 0.978 Thread 0x0000025e2e06d4a0 Exception <a 'java/lang/NoSuchMethodError'{0x00000000eaf86130}: 'java.lang.Object java.lang.invoke.DirectMethodHandle$Holder.invokeStatic(java.lang.Object, java.lang.Object, int)'> (0x00000000eaf86130) 
thrown [s\src\hotspot\share\interpreter\linkResolver.cpp, line 773]
Event: 0.981 Thread 0x0000025e2e06d4a0 Exception <a 'java/lang/NoSuchMethodError'{0x00000000eaf8aa80}: 'void java.lang.invoke.DirectMethodHandle$Holder.invokeStatic(java.lang.Object, java.lang.Object, int, java.lang.Object)'> (0x00000000eaf8aa80) 
thrown [s\src\hotspot\share\interpreter\linkResolver.cpp, line 773]
Event: 0.981 Thread 0x0000025e2e06d4a0 Exception <a 'java/lang/NoSuchMethodError'{0x00000000eaf8e610}: 'void java.lang.invoke.DirectMethodHandle$Holder.invokeSpecial(java.lang.Object, java.lang.Object, java.lang.Object, int, java.lang.Object)'> (0x00000000eaf8e610) 
thrown [s\src\hotspot\share\interpreter\linkResolver.cpp, line 773]
Event: 0.982 Thread 0x0000025e2e06d4a0 Exception <a 'java/lang/NoSuchMethodError'{0x00000000eaf91a80}: 'void java.lang.invoke.DelegatingMethodHandle$Holder.delegate(java.lang.Object, java.lang.Object, int, java.lang.Object)'> (0x00000000eaf91a80) 
thrown [s\src\hotspot\share\interpreter\linkResolver.cpp, line 773]
Event: 1.157 Thread 0x0000025e2e06d4a0 Exception <a 'java/lang/NoSuchMethodError'{0x00000000eb14e4c0}: 'void java.lang.invoke.DelegatingMethodHandle$Holder.reinvoke_L(java.lang.Object, java.lang.Object, java.lang.Object, int)'> (0x00000000eb14e4c0) 
thrown [s\src\hotspot\share\interpreter\linkResolver.cpp, line 773]
Event: 1.697 Thread 0x0000025e2e06d4a0 Exception <a 'java/lang/NoSuchMethodError'{0x00000000eb5d61e8}: 'void java.lang.invoke.DirectMethodHandle$Holder.invokeVirtual(java.lang.Object, java.lang.Object)'> (0x00000000eb5d61e8) 
thrown [s\src\hotspot\share\interpreter\linkResolver.cpp, line 773]

ZGC Phase Switch (0 events):
No events

VM Operations (4 events):
Event: 0.732 Executing VM operation: HandshakeAllThreads (Deoptimize)
Event: 0.732 Executing VM operation: HandshakeAllThreads (Deoptimize) done
Event: 0.869 Executing VM operation: HandshakeAllThreads (Deoptimize)
Event: 0.869 Executing VM operation: HandshakeAllThreads (Deoptimize) done

Memory protections (0 events):
No events

Nmethod flushes (0 events):
No events

Events (11 events):
Event: 0.433 Thread 0x0000025e2e06d4a0 Thread added: 0x0000025e2e06d4a0
Event: 0.553 Thread 0x0000025e2e06d4a0 Thread added: 0x0000025e4239c0f0
Event: 0.553 Thread 0x0000025e2e06d4a0 Thread added: 0x0000025e4239f3d0
Event: 0.554 Thread 0x0000025e2e06d4a0 Thread added: 0x0000025e423a1f20
Event: 0.554 Thread 0x0000025e2e06d4a0 Thread added: 0x0000025e423a2b70
Event: 0.555 Thread 0x0000025e2e06d4a0 Thread added: 0x0000025e423a55d0
Event: 0.555 Thread 0x0000025e2e06d4a0 Thread added: 0x0000025e423a6020
Event: 0.557 Thread 0x0000025e2e06d4a0 Thread added: 0x0000025e423a8e60
Event: 0.565 Thread 0x0000025e2e06d4a0 Thread added: 0x0000025e42416700
Event: 0.619 Thread 0x0000025e2e06d4a0 Thread added: 0x0000025e84244d50
Event: 1.358 Thread 0x0000025e2e06d4a0 Thread added: 0x0000025e844db020


Dynamic libraries:
0x00007ff7de8e0000 - 0x00007ff7de8ee000 	c:\Users\Oscar\.vscode\extensions\redhat.java-1.42.0-win32-x64\jre\21.0.7-win32-x86_64\bin\java.exe
0x00007fff33740000 - 0x00007fff339a5000 	C:\WINDOWS\SYSTEM32\ntdll.dll
0x00007fff326f0000 - 0x00007fff327b9000 	C:\WINDOWS\System32\KERNEL32.DLL
0x00007fff30d80000 - 0x00007fff31168000 	C:\WINDOWS\System32\KERNELBASE.dll
0x00007fff30920000 - 0x00007fff30a6b000 	C:\WINDOWS\System32\ucrtbase.dll
0x00007fff25d80000 - 0x00007fff25d98000 	c:\Users\Oscar\.vscode\extensions\redhat.java-1.42.0-win32-x64\jre\21.0.7-win32-x86_64\bin\jli.dll
0x00007fff315c0000 - 0x00007fff3178a000 	C:\WINDOWS\System32\USER32.dll
0x00007fff30d50000 - 0x00007fff30d77000 	C:\WINDOWS\System32\win32u.dll
0x00007fff31c60000 - 0x00007fff31c8b000 	C:\WINDOWS\System32\GDI32.dll
0x00007fff313a0000 - 0x00007fff314d7000 	C:\WINDOWS\System32\gdi32full.dll
0x00007fff31170000 - 0x00007fff31213000 	C:\WINDOWS\System32\msvcp_win.dll
0x00007fff1ca20000 - 0x00007fff1ca3e000 	c:\Users\Oscar\.vscode\extensions\redhat.java-1.42.0-win32-x64\jre\21.0.7-win32-x86_64\bin\VCRUNTIME140.dll
0x00007fff0de20000 - 0x00007fff0e0ba000 	C:\WINDOWS\WinSxS\amd64_microsoft.windows.common-controls_6595b64144ccf1df_6.0.26100.4202_none_3e0698d4e335f517\COMCTL32.dll
0x00007fff33080000 - 0x00007fff33129000 	C:\WINDOWS\System32\msvcrt.dll
0x00007fff31580000 - 0x00007fff315b0000 	C:\WINDOWS\System32\IMM32.DLL
0x00007fff1e160000 - 0x00007fff1e16c000 	c:\Users\Oscar\.vscode\extensions\redhat.java-1.42.0-win32-x64\jre\21.0.7-win32-x86_64\bin\vcruntime140_1.dll
0x00007ffee0250000 - 0x00007ffee02dd000 	c:\Users\Oscar\.vscode\extensions\redhat.java-1.42.0-win32-x64\jre\21.0.7-win32-x86_64\bin\msvcp140.dll
0x00007ffeade60000 - 0x00007ffeaebf0000 	c:\Users\Oscar\.vscode\extensions\redhat.java-1.42.0-win32-x64\jre\21.0.7-win32-x86_64\bin\server\jvm.dll
0x00007fff32e00000 - 0x00007fff32eb3000 	C:\WINDOWS\System32\ADVAPI32.dll
0x00007fff33650000 - 0x00007fff336f6000 	C:\WINDOWS\System32\sechost.dll
0x00007fff31940000 - 0x00007fff31a55000 	C:\WINDOWS\System32\RPCRT4.dll
0x00007fff314f0000 - 0x00007fff31564000 	C:\WINDOWS\System32\WS2_32.dll
0x00007fff30700000 - 0x00007fff3075e000 	C:\WINDOWS\SYSTEM32\POWRPROF.dll
0x00007fff12740000 - 0x00007fff12775000 	C:\WINDOWS\SYSTEM32\WINMM.dll
0x00007fff25290000 - 0x00007fff2529b000 	C:\WINDOWS\SYSTEM32\VERSION.dll
0x00007fff306e0000 - 0x00007fff306f4000 	C:\WINDOWS\SYSTEM32\UMPDC.dll
0x00007fff2f650000 - 0x00007fff2f66b000 	C:\WINDOWS\SYSTEM32\kernel.appcore.dll
0x00007fff16a40000 - 0x00007fff16a4a000 	c:\Users\Oscar\.vscode\extensions\redhat.java-1.42.0-win32-x64\jre\21.0.7-win32-x86_64\bin\jimage.dll
0x00007fff2df90000 - 0x00007fff2e1d1000 	C:\WINDOWS\SYSTEM32\DBGHELP.DLL
0x00007fff328f0000 - 0x00007fff32c75000 	C:\WINDOWS\System32\combase.dll
0x00007fff32d10000 - 0x00007fff32df1000 	C:\WINDOWS\System32\OLEAUT32.dll
0x00007fff0d480000 - 0x00007fff0d4b9000 	C:\WINDOWS\SYSTEM32\dbgcore.DLL
0x00007fff30a70000 - 0x00007fff30b09000 	C:\WINDOWS\System32\bcryptPrimitives.dll
0x00007fff0d4f0000 - 0x00007fff0d4ff000 	c:\Users\Oscar\.vscode\extensions\redhat.java-1.42.0-win32-x64\jre\21.0.7-win32-x86_64\bin\instrument.dll
0x00007ffeff370000 - 0x00007ffeff38f000 	c:\Users\Oscar\.vscode\extensions\redhat.java-1.42.0-win32-x64\jre\21.0.7-win32-x86_64\bin\java.dll
0x00007fff31e00000 - 0x00007fff32542000 	C:\WINDOWS\System32\SHELL32.dll
0x00007fff31220000 - 0x00007fff31394000 	C:\WINDOWS\System32\wintypes.dll
0x00007fff2e530000 - 0x00007fff2ed88000 	C:\WINDOWS\SYSTEM32\windows.storage.dll
0x00007fff31790000 - 0x00007fff31881000 	C:\WINDOWS\System32\SHCORE.dll
0x00007fff325a0000 - 0x00007fff3260a000 	C:\WINDOWS\System32\shlwapi.dll
0x00007fff307a0000 - 0x00007fff307cf000 	C:\WINDOWS\SYSTEM32\profapi.dll
0x00007fff01e00000 - 0x00007fff01e18000 	c:\Users\Oscar\.vscode\extensions\redhat.java-1.42.0-win32-x64\jre\21.0.7-win32-x86_64\bin\zip.dll
0x00007fff01f30000 - 0x00007fff01f40000 	C:\Users\Oscar\.vscode\extensions\redhat.java-1.42.0-win32-x64\jre\21.0.7-win32-x86_64\bin\net.dll
0x00007fff24460000 - 0x00007fff2457e000 	C:\WINDOWS\SYSTEM32\WINHTTP.dll
0x00007fff2fbc0000 - 0x00007fff2fc2a000 	C:\WINDOWS\system32\mswsock.dll
0x00007ffeee7d0000 - 0x00007ffeee7e6000 	C:\Users\Oscar\.vscode\extensions\redhat.java-1.42.0-win32-x64\jre\21.0.7-win32-x86_64\bin\nio.dll
0x00007ffefb100000 - 0x00007ffefb110000 	c:\Users\Oscar\.vscode\extensions\redhat.java-1.42.0-win32-x64\jre\21.0.7-win32-x86_64\bin\verify.dll

dbghelp: loaded successfully - version: 4.0.5 - missing functions: none
symbol engine: initialized successfully - sym options: 0x614 - pdb path: .;c:\Users\Oscar\.vscode\extensions\redhat.java-1.42.0-win32-x64\jre\21.0.7-win32-x86_64\bin;C:\WINDOWS\SYSTEM32;C:\WINDOWS\WinSxS\amd64_microsoft.windows.common-controls_6595b64144ccf1df_6.0.26100.4202_none_3e0698d4e335f517;c:\Users\Oscar\.vscode\extensions\redhat.java-1.42.0-win32-x64\jre\21.0.7-win32-x86_64\bin\server

VM Arguments:
jvm_args: --add-modules=ALL-SYSTEM --add-opens=java.base/java.util=ALL-UNNAMED --add-opens=java.base/java.lang=ALL-UNNAMED --add-opens=java.base/sun.nio.fs=ALL-UNNAMED -Declipse.application=org.eclipse.jdt.ls.core.id1 -Dosgi.bundles.defaultStartLevel=4 -Declipse.product=org.eclipse.jdt.ls.core.product -Djava.import.generatesMetadataFilesAtProjectRoot=false -DDetectVMInstallationsJob.disabled=true -Dfile.encoding=utf8 -XX:+UseParallelGC -XX:GCTimeRatio=4 -XX:AdaptiveSizePolicyWeight=90 -Dsun.zip.disableMemoryMapping=true -Xmx1G -Xms100m -Xlog:disable -javaagent:c:\Users\Oscar\.vscode\extensions\redhat.java-1.42.0-win32-x64\lombok\lombok-1.18.36.jar 
java_command: c:\Users\Oscar\.vscode\extensions\redhat.java-1.42.0-win32-x64\server\plugins\org.eclipse.equinox.launcher_1.7.0.v20250424-1814.jar -configuration c:\Users\Oscar\AppData\Roaming\Code\User\globalStorage\redhat.java\1.42.0\config_ss_win -data c:\Users\Oscar\AppData\Roaming\Code\User\workspaceStorage\7b54abe406377720035372ceba0e6683\redhat.java\ss_ws --pipe=\\.\pipe\lsp-7c627ccf7160ce091b359c0334a7e6d9-sock
java_class_path (initial): c:\Users\Oscar\.vscode\extensions\redhat.java-1.42.0-win32-x64\server\plugins\org.eclipse.equinox.launcher_1.7.0.v20250424-1814.jar
Launcher Type: SUN_STANDARD

[Global flags]
    uintx AdaptiveSizePolicyWeight                 = 90                                        {product} {command line}
     intx CICompilerCount                          = 3                                         {product} {ergonomic}
    uintx GCTimeRatio                              = 4                                         {product} {command line}
   size_t InitialHeapSize                          = 104857600                                 {product} {command line}
   size_t MaxHeapSize                              = 1073741824                                {product} {command line}
   size_t MaxNewSize                               = 357564416                                 {product} {ergonomic}
   size_t MinHeapDeltaBytes                        = 524288                                    {product} {ergonomic}
   size_t MinHeapSize                              = 104857600                                 {product} {command line}
   size_t NewSize                                  = 34603008                                  {product} {ergonomic}
    uintx NonNMethodCodeHeapSize                   = 5832780                                {pd product} {ergonomic}
    uintx NonProfiledCodeHeapSize                  = 122912730                              {pd product} {ergonomic}
   size_t OldSize                                  = 70254592                                  {product} {ergonomic}
    uintx ProfiledCodeHeapSize                     = 122912730                              {pd product} {ergonomic}
    uintx ReservedCodeCacheSize                    = 251658240                              {pd product} {ergonomic}
     bool SegmentedCodeCache                       = true                                      {product} {ergonomic}
   size_t SoftMaxHeapSize                          = 1073741824                             {manageable} {ergonomic}
     bool UseCompressedOops                        = true                           {product lp64_product} {ergonomic}
     bool UseLargePagesIndividualAllocation        = false                                  {pd product} {ergonomic}
     bool UseParallelGC                            = true                                      {product} {command line}

Logging:
Log output configuration:
 #0: stdout all=off uptime,level,tags foldmultilines=false
 #1: stderr all=off uptime,level,tags foldmultilines=false

Environment Variables:
JAVA_HOME=C:\Program Files\Java\jdk-17
PATH=C:\Program Files\Common Files\Oracle\Java\javapath;C:\Program Files\Java\jdk-17\bin;C:\WINDOWS\system32;C:\WINDOWS;C:\WINDOWS\System32\Wbem;C:\WINDOWS\System32\WindowsPowerShell\v1.0\;C:\WINDOWS\System32\OpenSSH\;C:\Program Files\dotnet\;C:\Program Files\Git\cmd;C:\Program Files\Apache Software Foundation\Tomcat 10.1\bin;C:\Program Files\Apache Software Foundation\apache-maven-3.9.9\bin;C:\Users\Oscar\AppData\Local\Programs\Python\Launcher\;C:\Users\Oscar\AppData\Local\Microsoft\WindowsApps;C:\Users\Oscar\AppData\Local\Programs\Microsoft VS Code\bin;C:\laragon\bin\php\php-8.1.10-Win32-vs16-x64;
USERNAME=Oscar
OS=Windows_NT
PROCESSOR_IDENTIFIER=Intel64 Family 6 Model 126 Stepping 5, GenuineIntel
TMP=C:\Users\Oscar\AppData\Local\Temp
TEMP=C:\Users\Oscar\AppData\Local\Temp




Periodic native trim disabled

---------------  S Y S T E M  ---------------

OS:
 Windows 11 , 64 bit Build 26100 (10.0.26100.4202)
OS uptime: 1 days 1:45 hours

CPU: total 4 (initial active 4) (2 cores per cpu, 2 threads per core) family 6 model 126 stepping 5 microcode 0x96, cx8, cmov, fxsr, ht, mmx, 3dnowpref, sse, sse2, sse3, ssse3, sse4.1, sse4.2, popcnt, lzcnt, tsc, tscinvbit, avx, avx2, aes, erms, clmul, bmi1, bmi2, adx, avx512f, avx512dq, avx512cd, avx512bw, avx512vl, sha, fma, vzeroupper, avx512_vpopcntdq, avx512_vpclmulqdq, avx512_vaes, avx512_vnni, clflush, clflushopt, avx512_vbmi2, avx512_vbmi, rdtscp, rdpid, fsrm, gfni, avx512_bitalg, f16c, pku, avx512_ifma
Processor Information for the first 4 processors :
  Max Mhz: 1190, Current Mhz: 1190, Mhz Limit: 1190

Memory: 4k page, system-wide physical 3784M (20M free)
TotalPageFile size 15560M (AvailPageFile size 0M)
current process WorkingSet (physical memory assigned to process): 54M, peak: 54M
current process commit charge ("private bytes"): 179M, peak: 179M

vm_info: OpenJDK 64-Bit Server VM (21.0.7+6-LTS) for windows-amd64 JRE (21.0.7+6-LTS), built on 2025-04-15T00:00:00Z by "admin" with MS VC++ 17.7 (VS2022)

END.
