#
# There is insufficient memory for the Java Runtime Environment to continue.
# Native memory allocation (malloc) failed to allocate 585392 bytes. Error detail: Chunk::new
# Possible reasons:
#   The system is out of physical RAM or swap space
#   This process is running with CompressedOops enabled, and the Java Heap may be blocking the growth of the native heap
# Possible solutions:
#   Reduce memory load on the system
#   Increase physical memory or swap space
#   Check if swap backing store is full
#   Decrease Java heap size (-Xmx/-Xms)
#   Decrease number of Java threads
#   Decrease Java thread stack sizes (-Xss)
#   Set larger code cache with -XX:ReservedCodeCacheSize=
#   JVM is running with Unscaled Compressed Oops mode in which the Java heap is
#     placed in the first 4GB address space. The Java Heap base address is the
#     maximum limit for the native heap growth. Please use -XX:HeapBaseMinAddress
#     to set the Java Heap base and to place the Java Heap above 4GB virtual address.
# This output file may be truncated or incomplete.
#
#  Out of Memory Error (arena.cpp:168), pid=12636, tid=14108
#
# JRE version: OpenJDK Runtime Environment Temurin-21.0.7+6 (21.0.7+6) (build 21.0.7+6-LTS)
# Java VM: OpenJDK 64-Bit Server VM Temurin-21.0.7+6 (21.0.7+6-LTS, mixed mode, sharing, tiered, compressed oops, compressed class ptrs, parallel gc, windows-amd64)
# No core dump will be written. Minidumps are not enabled by default on client versions of Windows
#

---------------  S U M M A R Y ------------

Command Line: --add-modules=ALL-SYSTEM --add-opens=java.base/java.util=ALL-UNNAMED --add-opens=java.base/java.lang=ALL-UNNAMED --add-opens=java.base/sun.nio.fs=ALL-UNNAMED -Declipse.application=org.eclipse.jdt.ls.core.id1 -Dosgi.bundles.defaultStartLevel=4 -Declipse.product=org.eclipse.jdt.ls.core.product -Djava.import.generatesMetadataFilesAtProjectRoot=false -DDetectVMInstallationsJob.disabled=true -Dfile.encoding=utf8 -XX:+UseParallelGC -XX:GCTimeRatio=4 -XX:AdaptiveSizePolicyWeight=90 -Dsun.zip.disableMemoryMapping=true -Xmx1G -Xms100m -Xlog:disable -javaagent:c:\Users\Oscar\.vscode\extensions\redhat.java-1.42.0-win32-x64\lombok\lombok-1.18.36.jar c:\Users\Oscar\.vscode\extensions\redhat.java-1.42.0-win32-x64\server\plugins\org.eclipse.equinox.launcher_1.7.0.v20250424-1814.jar -configuration c:\Users\Oscar\AppData\Roaming\Code\User\globalStorage\redhat.java\1.42.0\config_ss_win -data c:\Users\Oscar\AppData\Roaming\Code\User\workspaceStorage\7b54abe406377720035372ceba0e6683\redhat.java\ss_ws --pipe=\\.\pipe\lsp-959186b54e8b47659dfd30942c57be67-sock

Host: Intel(R) Core(TM) i3-1005G1 CPU @ 1.20GHz, 4 cores, 3G,  Windows 11 , 64 bit Build 26100 (10.0.26100.4202)
Time: Thu Jun 19 22:14:10 2025 Hora est. Pacífico, Sudamérica elapsed time: 2.352470 seconds (0d 0h 0m 2s)

---------------  T H R E A D  ---------------

Current thread (0x00000173b9408330):  JavaThread "C2 CompilerThread0" daemon [_thread_in_native, id=14108, stack(0x0000001b19700000,0x0000001b19800000) (1024K)]


Current CompileTask:
C2:2352 1037   !   4       java.util.jar.Attributes::read (494 bytes)

Stack: [0x0000001b19700000,0x0000001b19800000]
Native frames: (J=compiled Java code, j=interpreted, Vv=VM code, C=native code)
V  [jvm.dll+0x6ce119]
V  [jvm.dll+0x8a84a1]
V  [jvm.dll+0x8aa9ce]
V  [jvm.dll+0x8ab0b3]
V  [jvm.dll+0x27f8a6]
V  [jvm.dll+0xc507d]
V  [jvm.dll+0xc55b3]
V  [jvm.dll+0x3b692c]
V  [jvm.dll+0x382aa5]
V  [jvm.dll+0x381f0a]
V  [jvm.dll+0x247af0]
V  [jvm.dll+0x2470cf]
V  [jvm.dll+0x1c760e]
V  [jvm.dll+0x25695a]
V  [jvm.dll+0x254efa]
V  [jvm.dll+0x3f03f6]
V  [jvm.dll+0x851f6b]
V  [jvm.dll+0x6cc7dd]
C  [ucrtbase.dll+0x37b0]
C  [KERNEL32.DLL+0x2e8d7]
C  [ntdll.dll+0x3c34c]


---------------  P R O C E S S  ---------------

Threads class SMR info:
_java_thread_list=0x000001738429acd0, length=11, elements={
0x00000173a50cc030, 0x00000173b93f9e00, 0x00000173b93fe190, 0x00000173b94012f0,
0x00000173b9401f40, 0x00000173b9404aa0, 0x00000173b94054f0, 0x00000173b9408330,
0x00000173b9449640, 0x0000017384032f80, 0x00000173842a2690
}

Java Threads: ( => current thread )
  0x00000173a50cc030 JavaThread "main"                              [_thread_in_Java, id=5228, stack(0x0000001b18d00000,0x0000001b18e00000) (1024K)]
  0x00000173b93f9e00 JavaThread "Reference Handler"          daemon [_thread_blocked, id=11524, stack(0x0000001b19100000,0x0000001b19200000) (1024K)]
  0x00000173b93fe190 JavaThread "Finalizer"                  daemon [_thread_blocked, id=1512, stack(0x0000001b19200000,0x0000001b19300000) (1024K)]
  0x00000173b94012f0 JavaThread "Signal Dispatcher"          daemon [_thread_blocked, id=9008, stack(0x0000001b19300000,0x0000001b19400000) (1024K)]
  0x00000173b9401f40 JavaThread "Attach Listener"            daemon [_thread_blocked, id=3948, stack(0x0000001b19400000,0x0000001b19500000) (1024K)]
  0x00000173b9404aa0 JavaThread "Service Thread"             daemon [_thread_blocked, id=16120, stack(0x0000001b19500000,0x0000001b19600000) (1024K)]
  0x00000173b94054f0 JavaThread "Monitor Deflation Thread"   daemon [_thread_blocked, id=16864, stack(0x0000001b19600000,0x0000001b19700000) (1024K)]
=>0x00000173b9408330 JavaThread "C2 CompilerThread0"         daemon [_thread_in_native, id=14108, stack(0x0000001b19700000,0x0000001b19800000) (1024K)]
  0x00000173b9449640 JavaThread "C1 CompilerThread0"         daemon [_thread_in_native, id=17196, stack(0x0000001b19800000,0x0000001b19900000) (1024K)]
  0x0000017384032f80 JavaThread "Common-Cleaner"             daemon [_thread_blocked, id=14712, stack(0x0000001b19900000,0x0000001b19a00000) (1024K)]
  0x00000173842a2690 JavaThread "Notification Thread"        daemon [_thread_blocked, id=18984, stack(0x0000001b19a00000,0x0000001b19b00000) (1024K)]
Total: 11

Other Threads:
  0x00000173b93dd7f0 VMThread "VM Thread"                           [id=15084, stack(0x0000001b19000000,0x0000001b19100000) (1024K)]
  0x00000173a51379f0 WatcherThread "VM Periodic Task Thread"        [id=13088, stack(0x0000001b18f00000,0x0000001b19000000) (1024K)]
  0x00000173a50e9700 WorkerThread "GC Thread#0"                     [id=16620, stack(0x0000001b18e00000,0x0000001b18f00000) (1024K)]
  0x00000173845e1b50 WorkerThread "GC Thread#1"                     [id=4560, stack(0x0000001b19b00000,0x0000001b19c00000) (1024K)]
  0x00000173843e77c0 WorkerThread "GC Thread#2"                     [id=14452, stack(0x0000001b19c00000,0x0000001b19d00000) (1024K)]
  0x00000173846150f0 WorkerThread "GC Thread#3"                     [id=15316, stack(0x0000001b19d00000,0x0000001b19e00000) (1024K)]
Total: 6

Threads with active compile tasks:
C2 CompilerThread0  2388 1037   !   4       java.util.jar.Attributes::read (494 bytes)
C1 CompilerThread0  2388 1109   !   3       java.util.zip.Inflater::inflate (456 bytes)
Total: 2

VM state: not at safepoint (normal execution)

VM Mutex/Monitor currently owned by a thread: None

Heap address: 0x00000000c0000000, size: 1024 MB, Compressed Oops mode: 32-bit

CDS archive(s) mapped at: [0x00000173ba000000-0x00000173baba0000-0x00000173baba0000), size 12189696, SharedBaseAddress: 0x00000173ba000000, ArchiveRelocationMode: 1.
Compressed class space mapped at: 0x00000173bb000000-0x00000173fb000000, reserved size: 1073741824
Narrow klass base: 0x00000173ba000000, Narrow klass shift: 0, Narrow klass range: 0x100000000

GC Precious Log:
 CardTable entry size: 512
 CPUs: 4 total, 4 available
 Memory: 3784M
 Large Page Support: Disabled
 NUMA Support: Disabled
 Compressed Oops: Enabled (32-bit)
 Alignments: Space 512K, Generation 512K, Heap 2M
 Heap Min Capacity: 100M
 Heap Initial Capacity: 100M
 Heap Max Capacity: 1G
 Pre-touch: Disabled
 Parallel Workers: 4

Heap:
 PSYoungGen      total 29696K, used 4284K [0x00000000eab00000, 0x00000000ecc00000, 0x0000000100000000)
  eden space 25600K, 3% used [0x00000000eab00000,0x00000000eabfd8d0,0x00000000ec400000)
  from space 4096K, 79% used [0x00000000ec400000,0x00000000ec731870,0x00000000ec800000)
  to   space 4096K, 0% used [0x00000000ec800000,0x00000000ec800000,0x00000000ecc00000)
 ParOldGen       total 68608K, used 16K [0x00000000c0000000, 0x00000000c4300000, 0x00000000eab00000)
  object space 68608K, 0% used [0x00000000c0000000,0x00000000c0004000,0x00000000c4300000)
 Metaspace       used 4473K, committed 4800K, reserved 1114112K
  class space    used 470K, committed 640K, reserved 1048576K

Card table byte_map: [0x00000173a4a70000,0x00000173a4c80000] _byte_map_base: 0x00000173a4470000

Marking Bits: (ParMarkBitMap*) 0x00007ffed98831f0
 Begin Bits: [0x00000173b72c0000, 0x00000173b82c0000)
 End Bits:   [0x00000173b82c0000, 0x00000173b92c0000)

Polling page: 0x00000173a30b0000

Metaspace:

Usage:
  Non-class:      3.92 MB used.
      Class:    470.80 KB used.
       Both:      4.38 MB used.

Virtual space:
  Non-class space:       64.00 MB reserved,       4.06 MB (  6%) committed,  1 nodes.
      Class space:        1.00 GB reserved,     640.00 KB ( <1%) committed,  1 nodes.
             Both:        1.06 GB reserved,       4.69 MB ( <1%) committed. 

Chunk freelists:
   Non-Class:  11.03 MB
       Class:  15.42 MB
        Both:  26.45 MB

MaxMetaspaceSize: unlimited
CompressedClassSpaceSize: 1.00 GB
Initial GC threshold: 21.00 MB
Current GC threshold: 21.00 MB
CDS: on
 - commit_granule_bytes: 65536.
 - commit_granule_words: 8192.
 - virtual_space_node_default_size: 8388608.
 - enlarge_chunks_in_place: 1.
 - use_allocation_guard: 0.


Internal statistics:

num_allocs_failed_limit: 0.
num_arena_births: 184.
num_arena_deaths: 0.
num_vsnodes_births: 2.
num_vsnodes_deaths: 0.
num_space_committed: 75.
num_space_uncommitted: 0.
num_chunks_returned_to_freelist: 0.
num_chunks_taken_from_freelist: 252.
num_chunk_merges: 0.
num_chunk_splits: 164.
num_chunks_enlarged: 98.
num_inconsistent_stats: 0.

CodeHeap 'non-profiled nmethods': size=120000Kb used=422Kb max_used=422Kb free=119578Kb
 bounds [0x00000173afd90000, 0x00000173b0000000, 0x00000173b72c0000]
CodeHeap 'profiled nmethods': size=120000Kb used=1751Kb max_used=1751Kb free=118248Kb
 bounds [0x00000173a82c0000, 0x00000173a8530000, 0x00000173af7f0000]
CodeHeap 'non-nmethods': size=5760Kb used=1203Kb max_used=1218Kb free=4556Kb
 bounds [0x00000173af7f0000, 0x00000173afa60000, 0x00000173afd90000]
 total_blobs=1558 nmethods=1103 adapters=362
 compilation: enabled
              stopped_count=0, restarted_count=0
 full_count=0

Compilation events (20 events):
Event: 2.278 Thread 0x00000173b9449640 1069       3       java.lang.invoke.DirectMethodHandle::constructorMethod (10 bytes)
Event: 2.278 Thread 0x00000173b9449640 nmethod 1069 0x00000173a8465e10 code [0x00000173a8465fc0, 0x00000173a84661a8]
Event: 2.278 Thread 0x00000173b9449640 1070       3       java.lang.StringLatin1::inflate (34 bytes)
Event: 2.278 Thread 0x00000173b9449640 nmethod 1070 0x00000173a8466290 code [0x00000173a8466440, 0x00000173a8466640]
Event: 2.280 Thread 0x00000173b9449640 1071       1       java.security.CodeSource::getLocationNoFragString (5 bytes)
Event: 2.280 Thread 0x00000173b9449640 nmethod 1071 0x00000173afdf7710 code [0x00000173afdf78a0, 0x00000173afdf7968]
Event: 2.281 Thread 0x00000173b9449640 1072   !   3       jdk.internal.loader.BuiltinClassLoader::loadClassOrNull (143 bytes)
Event: 2.283 Thread 0x00000173b9449640 nmethod 1072 0x00000173a8466790 code [0x00000173a8466a60, 0x00000173a8467980]
Event: 2.285 Thread 0x00000173b9449640 1073       3       java.lang.Object::toString (36 bytes)
Event: 2.285 Thread 0x00000173b9449640 nmethod 1073 0x00000173a8468010 code [0x00000173a8468280, 0x00000173a8468a68]
Event: 2.286 Thread 0x00000173b9449640 1074       1       java.lang.Boolean::booleanValue (5 bytes)
Event: 2.286 Thread 0x00000173b9449640 nmethod 1074 0x00000173afdf7a10 code [0x00000173afdf7ba0, 0x00000173afdf7c70]
Event: 2.287 Thread 0x00000173b9449640 1075       3       java.util.ArrayDeque::elementAt (4 bytes)
Event: 2.287 Thread 0x00000173b9449640 nmethod 1075 0x00000173a8468d90 code [0x00000173a8468f20, 0x00000173a8469038]
Event: 2.288 Thread 0x00000173b9449640 1076       3       jdk.internal.loader.BuiltinClassLoader::loadClass (22 bytes)
Event: 2.289 Thread 0x00000173b9449640 nmethod 1076 0x00000173a8469110 code [0x00000173a84692e0, 0x00000173a8469598]
Event: 2.294 Thread 0x00000173b9449640 1078       3       java.util.ArrayDeque::pollFirst (36 bytes)
Event: 2.294 Thread 0x00000173b9449640 nmethod 1078 0x00000173a8469690 code [0x00000173a8469860, 0x00000173a8469c10]
Event: 2.301 Thread 0x00000173b9449640 1079       1       java.util.Collections$EmptyIterator::hasNext (2 bytes)
Event: 2.301 Thread 0x00000173b9449640 nmethod 1079 0x00000173afdf7d10 code [0x00000173afdf7ea0, 0x00000173afdf7f68]

GC Heap History (0 events):
No events

Dll operation events (8 events):
Event: 0.091 Loaded shared library c:\Users\Oscar\.vscode\extensions\redhat.java-1.42.0-win32-x64\jre\21.0.7-win32-x86_64\bin\java.dll
Event: 0.236 Loaded shared library c:\Users\Oscar\.vscode\extensions\redhat.java-1.42.0-win32-x64\jre\21.0.7-win32-x86_64\bin\zip.dll
Event: 0.286 Loaded shared library C:\Users\Oscar\.vscode\extensions\redhat.java-1.42.0-win32-x64\jre\21.0.7-win32-x86_64\bin\instrument.dll
Event: 0.297 Loaded shared library C:\Users\Oscar\.vscode\extensions\redhat.java-1.42.0-win32-x64\jre\21.0.7-win32-x86_64\bin\net.dll
Event: 0.303 Loaded shared library C:\Users\Oscar\.vscode\extensions\redhat.java-1.42.0-win32-x64\jre\21.0.7-win32-x86_64\bin\nio.dll
Event: 0.310 Loaded shared library C:\Users\Oscar\.vscode\extensions\redhat.java-1.42.0-win32-x64\jre\21.0.7-win32-x86_64\bin\zip.dll
Event: 0.370 Loaded shared library C:\Users\Oscar\.vscode\extensions\redhat.java-1.42.0-win32-x64\jre\21.0.7-win32-x86_64\bin\jimage.dll
Event: 0.599 Loaded shared library c:\Users\Oscar\.vscode\extensions\redhat.java-1.42.0-win32-x64\jre\21.0.7-win32-x86_64\bin\verify.dll

Deoptimization events (20 events):
Event: 2.248 Thread 0x00000173a50cc030 DEOPT PACKING pc=0x00000173a84326b1 sp=0x0000001b18dfe300
Event: 2.248 Thread 0x00000173a50cc030 DEOPT UNPACKING pc=0x00000173af8478e2 sp=0x0000001b18dfd778 mode 0
Event: 2.248 Thread 0x00000173a50cc030 DEOPT PACKING pc=0x00000173a84326b1 sp=0x0000001b18dfe300
Event: 2.248 Thread 0x00000173a50cc030 DEOPT UNPACKING pc=0x00000173af8478e2 sp=0x0000001b18dfd778 mode 0
Event: 2.248 Thread 0x00000173a50cc030 DEOPT PACKING pc=0x00000173a84326b1 sp=0x0000001b18dfe300
Event: 2.248 Thread 0x00000173a50cc030 DEOPT UNPACKING pc=0x00000173af8478e2 sp=0x0000001b18dfd778 mode 0
Event: 2.248 Thread 0x00000173a50cc030 DEOPT PACKING pc=0x00000173a84326b1 sp=0x0000001b18dfe300
Event: 2.248 Thread 0x00000173a50cc030 DEOPT UNPACKING pc=0x00000173af8478e2 sp=0x0000001b18dfd778 mode 0
Event: 2.249 Thread 0x00000173a50cc030 DEOPT PACKING pc=0x00000173a84326b1 sp=0x0000001b18dfe300
Event: 2.249 Thread 0x00000173a50cc030 DEOPT UNPACKING pc=0x00000173af8478e2 sp=0x0000001b18dfd778 mode 0
Event: 2.249 Thread 0x00000173a50cc030 DEOPT PACKING pc=0x00000173a84326b1 sp=0x0000001b18dfe300
Event: 2.249 Thread 0x00000173a50cc030 DEOPT UNPACKING pc=0x00000173af8478e2 sp=0x0000001b18dfd778 mode 0
Event: 2.249 Thread 0x00000173a50cc030 DEOPT PACKING pc=0x00000173a84326b1 sp=0x0000001b18dfe300
Event: 2.249 Thread 0x00000173a50cc030 DEOPT UNPACKING pc=0x00000173af8478e2 sp=0x0000001b18dfd778 mode 0
Event: 2.249 Thread 0x00000173a50cc030 DEOPT PACKING pc=0x00000173a84326b1 sp=0x0000001b18dfe300
Event: 2.249 Thread 0x00000173a50cc030 DEOPT UNPACKING pc=0x00000173af8478e2 sp=0x0000001b18dfd778 mode 0
Event: 2.250 Thread 0x00000173a50cc030 DEOPT PACKING pc=0x00000173a84326b1 sp=0x0000001b18dfe300
Event: 2.250 Thread 0x00000173a50cc030 DEOPT UNPACKING pc=0x00000173af8478e2 sp=0x0000001b18dfd778 mode 0
Event: 2.250 Thread 0x00000173a50cc030 DEOPT PACKING pc=0x00000173a84326b1 sp=0x0000001b18dfe300
Event: 2.250 Thread 0x00000173a50cc030 DEOPT UNPACKING pc=0x00000173af8478e2 sp=0x0000001b18dfd778 mode 0

Classes loaded (20 events):
Event: 2.257 Loading class jdk/internal/logger/SimpleConsoleLogger done
Event: 2.257 Loading class jdk/internal/logger/SurrogateLogger done
Event: 2.257 Loading class sun/util/logging/PlatformLogger
Event: 2.257 Loading class sun/util/logging/PlatformLogger done
Event: 2.257 Loading class sun/util/logging/PlatformLogger$Level
Event: 2.258 Loading class sun/util/logging/PlatformLogger$Level done
Event: 2.268 Loading class java/io/BufferedReader
Event: 2.268 Loading class java/io/BufferedReader done
Event: 2.273 Loading class sun/nio/cs/StreamDecoder
Event: 2.273 Loading class sun/nio/cs/StreamDecoder done
Event: 2.273 Loading class sun/nio/cs/UTF_8$Decoder
Event: 2.274 Loading class sun/nio/cs/UTF_8$Decoder done
Event: 2.292 Loading class java/util/UUID
Event: 2.292 Loading class java/util/UUID done
Event: 2.292 Loading class java/util/concurrent/atomic/AtomicBoolean
Event: 2.293 Loading class java/util/concurrent/atomic/AtomicBoolean done
Event: 2.293 Loading class java/lang/invoke/VarHandleInts$FieldInstanceReadWrite
Event: 2.293 Loading class java/lang/invoke/VarHandleInts$FieldInstanceReadOnly
Event: 2.293 Loading class java/lang/invoke/VarHandleInts$FieldInstanceReadOnly done
Event: 2.293 Loading class java/lang/invoke/VarHandleInts$FieldInstanceReadWrite done

Classes unloaded (0 events):
No events

Classes redefined (0 events):
No events

Internal exceptions (20 events):
Event: 0.486 Thread 0x00000173a50cc030 Exception <a 'java/lang/NoSuchMethodError'{0x00000000eaf91990}: 'void java.lang.invoke.DelegatingMethodHandle$Holder.delegate(java.lang.Object, java.lang.Object, int, java.lang.Object)'> (0x00000000eaf91990) 
thrown [s\src\hotspot\share\interpreter\linkResolver.cpp, line 773]
Event: 0.693 Thread 0x00000173a50cc030 Exception <a 'java/lang/NoSuchMethodError'{0x00000000eb14f0e0}: 'void java.lang.invoke.DelegatingMethodHandle$Holder.reinvoke_L(java.lang.Object, java.lang.Object, java.lang.Object, int)'> (0x00000000eb14f0e0) 
thrown [s\src\hotspot\share\interpreter\linkResolver.cpp, line 773]
Event: 1.350 Thread 0x00000173a50cc030 Exception <a 'java/lang/NoSuchMethodError'{0x00000000eb5d6f20}: 'void java.lang.invoke.DirectMethodHandle$Holder.invokeVirtual(java.lang.Object, java.lang.Object)'> (0x00000000eb5d6f20) 
thrown [s\src\hotspot\share\interpreter\linkResolver.cpp, line 773]
Event: 1.833 Thread 0x00000173a50cc030 Exception <a 'java/lang/NoSuchMethodError'{0x00000000eb9abd88}: 'void java.lang.invoke.DirectMethodHandle$Holder.invokeStatic(java.lang.Object, java.lang.Object)'> (0x00000000eb9abd88) 
thrown [s\src\hotspot\share\interpreter\linkResolver.cpp, line 773]
Event: 1.839 Thread 0x00000173a50cc030 Exception <a 'java/lang/ClassNotFoundException'{0x00000000eb9d3f00}: sun/net/www/protocol/c/Handler> (0x00000000eb9d3f00) 
thrown [s\src\hotspot\share\classfile\systemDictionary.cpp, line 312]
Event: 1.904 Thread 0x00000173a50cc030 Exception <a 'java/io/FileNotFoundException'{0x00000000eba2d2c0}> (0x00000000eba2d2c0) 
thrown [s\src\hotspot\share\prims\jni.cpp, line 520]
Event: 1.905 Thread 0x00000173a50cc030 Exception <a 'java/io/FileNotFoundException'{0x00000000eba2e660}> (0x00000000eba2e660) 
thrown [s\src\hotspot\share\prims\jni.cpp, line 520]
Event: 1.905 Thread 0x00000173a50cc030 Exception <a 'java/io/FileNotFoundException'{0x00000000eba2f310}> (0x00000000eba2f310) 
thrown [s\src\hotspot\share\prims\jni.cpp, line 520]
Event: 1.905 Thread 0x00000173a50cc030 Exception <a 'java/io/FileNotFoundException'{0x00000000eba2fe88}> (0x00000000eba2fe88) 
thrown [s\src\hotspot\share\prims\jni.cpp, line 520]
Event: 1.909 Thread 0x00000173a50cc030 Implicit null exception at 0x00000173afdbd624 to 0x00000173afdbdc24
Event: 1.910 Thread 0x00000173a50cc030 Implicit null exception at 0x00000173afdbe2a0 to 0x00000173afdbe898
Event: 1.915 Thread 0x00000173a50cc030 Exception <a 'java/io/FileNotFoundException'{0x00000000eba68310}> (0x00000000eba68310) 
thrown [s\src\hotspot\share\prims\jni.cpp, line 520]
Event: 1.933 Thread 0x00000173a50cc030 Exception <a 'java/lang/NoSuchMethodError'{0x00000000ebaa0ad0}: 'java.lang.Object java.lang.invoke.DirectMethodHandle$Holder.invokeInterface(java.lang.Object, java.lang.Object)'> (0x00000000ebaa0ad0) 
thrown [s\src\hotspot\share\interpreter\linkResolver.cpp, line 773]
Event: 1.937 Thread 0x00000173a50cc030 Exception <a 'java/lang/NoSuchMethodError'{0x00000000ebab40d8}: 'java.lang.Object java.lang.invoke.Invokers$Holder.invokeExact_MT(java.lang.Object, java.lang.Object, java.lang.Object, java.lang.Object, java.lang.Object, java.lang.Object)'> (0x00000000ebab40d8) 
thrown [s\src\hotspot\share\interpreter\linkResolver.cpp, line 773]
Event: 1.940 Thread 0x00000173a50cc030 Exception <a 'java/lang/NoSuchMethodError'{0x00000000ebacb330}: 'int java.lang.invoke.DirectMethodHandle$Holder.invokeStatic(java.lang.Object, java.lang.Object, java.lang.Object, java.lang.Object, java.lang.Object)'> (0x00000000ebacb330) 
thrown [s\src\hotspot\share\interpreter\linkResolver.cpp, line 773]
Event: 1.994 Thread 0x00000173a50cc030 Exception <a 'java/lang/NoSuchMethodError'{0x00000000ebb605c0}: 'java.lang.Object java.lang.invoke.DirectMethodHandle$Holder.invokeInterface(java.lang.Object, java.lang.Object, int)'> (0x00000000ebb605c0) 
thrown [s\src\hotspot\share\interpreter\linkResolver.cpp, line 773]
Event: 2.200 Thread 0x00000173a50cc030 Exception <a 'java/lang/NoSuchMethodError'{0x00000000ebfa83d0}: 'java.lang.ClassLoader java.lang.ClassLoader.getPlatformClassLoader(java.lang.Class)'> (0x00000000ebfa83d0) 
thrown [s\src\hotspot\share\interpreter\linkResolver.cpp, line 773]
Event: 2.300 Thread 0x00000173a50cc030 Exception <a 'java/lang/ClassNotFoundException'{0x00000000ec3ac1f0}: sun/net/www/protocol/c/Handler> (0x00000000ec3ac1f0) 
thrown [s\src\hotspot\share\classfile\systemDictionary.cpp, line 312]
Event: 2.301 Thread 0x00000173a50cc030 Exception <a 'java/lang/ClassNotFoundException'{0x00000000ec3ad590}: sun/net/www/protocol/c/Handler> (0x00000000ec3ad590) 
thrown [s\src\hotspot\share\classfile\systemDictionary.cpp, line 312]
Event: 2.301 Thread 0x00000173a50cc030 Exception <a 'java/lang/ClassNotFoundException'{0x00000000ec3ae778}: sun/net/www/protocol/c/Handler> (0x00000000ec3ae778) 
thrown [s\src\hotspot\share\classfile\systemDictionary.cpp, line 312]

ZGC Phase Switch (0 events):
No events

VM Operations (12 events):
Event: 0.227 Executing VM operation: HandshakeAllThreads (Deoptimize)
Event: 0.227 Executing VM operation: HandshakeAllThreads (Deoptimize) done
Event: 0.389 Executing VM operation: HandshakeAllThreads (Deoptimize)
Event: 0.389 Executing VM operation: HandshakeAllThreads (Deoptimize) done
Event: 1.413 Executing VM operation: Cleanup
Event: 1.417 Executing VM operation: Cleanup done
Event: 1.751 Executing VM operation: HandshakeAllThreads (Deoptimize)
Event: 1.751 Executing VM operation: HandshakeAllThreads (Deoptimize) done
Event: 1.825 Executing VM operation: HandshakeAllThreads (Deoptimize)
Event: 1.825 Executing VM operation: HandshakeAllThreads (Deoptimize) done
Event: 2.274 Executing VM operation: HandshakeAllThreads (Deoptimize)
Event: 2.274 Executing VM operation: HandshakeAllThreads (Deoptimize) done

Memory protections (0 events):
No events

Nmethod flushes (0 events):
No events

Events (11 events):
Event: 0.124 Thread 0x00000173a50cc030 Thread added: 0x00000173a50cc030
Event: 0.156 Thread 0x00000173a50cc030 Thread added: 0x00000173b93f9e00
Event: 0.156 Thread 0x00000173a50cc030 Thread added: 0x00000173b93fe190
Event: 0.157 Thread 0x00000173a50cc030 Thread added: 0x00000173b94012f0
Event: 0.157 Thread 0x00000173a50cc030 Thread added: 0x00000173b9401f40
Event: 0.157 Thread 0x00000173a50cc030 Thread added: 0x00000173b9404aa0
Event: 0.157 Thread 0x00000173a50cc030 Thread added: 0x00000173b94054f0
Event: 0.157 Thread 0x00000173a50cc030 Thread added: 0x00000173b9408330
Event: 0.160 Thread 0x00000173a50cc030 Thread added: 0x00000173b9449640
Event: 0.204 Thread 0x00000173a50cc030 Thread added: 0x0000017384032f80
Event: 1.066 Thread 0x00000173a50cc030 Thread added: 0x00000173842a2690


Dynamic libraries:
0x00007ff6d1630000 - 0x00007ff6d163e000 	c:\Users\Oscar\.vscode\extensions\redhat.java-1.42.0-win32-x64\jre\21.0.7-win32-x86_64\bin\java.exe
0x00007fff33740000 - 0x00007fff339a5000 	C:\WINDOWS\SYSTEM32\ntdll.dll
0x00007fff326f0000 - 0x00007fff327b9000 	C:\WINDOWS\System32\KERNEL32.DLL
0x00007fff30d80000 - 0x00007fff31168000 	C:\WINDOWS\System32\KERNELBASE.dll
0x00007fff30920000 - 0x00007fff30a6b000 	C:\WINDOWS\System32\ucrtbase.dll
0x00007ffef4ff0000 - 0x00007ffef5008000 	c:\Users\Oscar\.vscode\extensions\redhat.java-1.42.0-win32-x64\jre\21.0.7-win32-x86_64\bin\jli.dll
0x00007fff315c0000 - 0x00007fff3178a000 	C:\WINDOWS\System32\USER32.dll
0x00007fff30d50000 - 0x00007fff30d77000 	C:\WINDOWS\System32\win32u.dll
0x00007fff31c60000 - 0x00007fff31c8b000 	C:\WINDOWS\System32\GDI32.dll
0x00007fff313a0000 - 0x00007fff314d7000 	C:\WINDOWS\System32\gdi32full.dll
0x00007fff31170000 - 0x00007fff31213000 	C:\WINDOWS\System32\msvcp_win.dll
0x00007ffef4830000 - 0x00007ffef484e000 	c:\Users\Oscar\.vscode\extensions\redhat.java-1.42.0-win32-x64\jre\21.0.7-win32-x86_64\bin\VCRUNTIME140.dll
0x00007fff0de20000 - 0x00007fff0e0ba000 	C:\WINDOWS\WinSxS\amd64_microsoft.windows.common-controls_6595b64144ccf1df_6.0.26100.4202_none_3e0698d4e335f517\COMCTL32.dll
0x00007fff33080000 - 0x00007fff33129000 	C:\WINDOWS\System32\msvcrt.dll
0x00007fff31580000 - 0x00007fff315b0000 	C:\WINDOWS\System32\IMM32.DLL
0x00007fff01720000 - 0x00007fff0172c000 	c:\Users\Oscar\.vscode\extensions\redhat.java-1.42.0-win32-x64\jre\21.0.7-win32-x86_64\bin\vcruntime140_1.dll
0x00007ffed9960000 - 0x00007ffed99ed000 	c:\Users\Oscar\.vscode\extensions\redhat.java-1.42.0-win32-x64\jre\21.0.7-win32-x86_64\bin\msvcp140.dll
0x00007ffed8bd0000 - 0x00007ffed9960000 	c:\Users\Oscar\.vscode\extensions\redhat.java-1.42.0-win32-x64\jre\21.0.7-win32-x86_64\bin\server\jvm.dll
0x00007fff32e00000 - 0x00007fff32eb3000 	C:\WINDOWS\System32\ADVAPI32.dll
0x00007fff33650000 - 0x00007fff336f6000 	C:\WINDOWS\System32\sechost.dll
0x00007fff31940000 - 0x00007fff31a55000 	C:\WINDOWS\System32\RPCRT4.dll
0x00007fff314f0000 - 0x00007fff31564000 	C:\WINDOWS\System32\WS2_32.dll
0x00007fff30700000 - 0x00007fff3075e000 	C:\WINDOWS\SYSTEM32\POWRPROF.dll
0x00007fff12740000 - 0x00007fff12775000 	C:\WINDOWS\SYSTEM32\WINMM.dll
0x00007fff25290000 - 0x00007fff2529b000 	C:\WINDOWS\SYSTEM32\VERSION.dll
0x00007fff306e0000 - 0x00007fff306f4000 	C:\WINDOWS\SYSTEM32\UMPDC.dll
0x00007fff2f650000 - 0x00007fff2f66b000 	C:\WINDOWS\SYSTEM32\kernel.appcore.dll
0x00007fff016a0000 - 0x00007fff016aa000 	c:\Users\Oscar\.vscode\extensions\redhat.java-1.42.0-win32-x64\jre\21.0.7-win32-x86_64\bin\jimage.dll
0x00007fff2df90000 - 0x00007fff2e1d1000 	C:\WINDOWS\SYSTEM32\DBGHELP.DLL
0x00007fff328f0000 - 0x00007fff32c75000 	C:\WINDOWS\System32\combase.dll
0x00007fff32d10000 - 0x00007fff32df1000 	C:\WINDOWS\System32\OLEAUT32.dll
0x00007fff0d480000 - 0x00007fff0d4b9000 	C:\WINDOWS\SYSTEM32\dbgcore.DLL
0x00007fff30a70000 - 0x00007fff30b09000 	C:\WINDOWS\System32\bcryptPrimitives.dll
0x00007fff01320000 - 0x00007fff0132f000 	c:\Users\Oscar\.vscode\extensions\redhat.java-1.42.0-win32-x64\jre\21.0.7-win32-x86_64\bin\instrument.dll
0x00007ffef2f20000 - 0x00007ffef2f3f000 	c:\Users\Oscar\.vscode\extensions\redhat.java-1.42.0-win32-x64\jre\21.0.7-win32-x86_64\bin\java.dll
0x00007fff31e00000 - 0x00007fff32542000 	C:\WINDOWS\System32\SHELL32.dll
0x00007fff31220000 - 0x00007fff31394000 	C:\WINDOWS\System32\wintypes.dll
0x00007fff2e530000 - 0x00007fff2ed88000 	C:\WINDOWS\SYSTEM32\windows.storage.dll
0x00007fff31790000 - 0x00007fff31881000 	C:\WINDOWS\System32\SHCORE.dll
0x00007fff325a0000 - 0x00007fff3260a000 	C:\WINDOWS\System32\shlwapi.dll
0x00007fff307a0000 - 0x00007fff307cf000 	C:\WINDOWS\SYSTEM32\profapi.dll
0x00007ffef1e20000 - 0x00007ffef1e38000 	c:\Users\Oscar\.vscode\extensions\redhat.java-1.42.0-win32-x64\jre\21.0.7-win32-x86_64\bin\zip.dll
0x00007ffeff400000 - 0x00007ffeff410000 	C:\Users\Oscar\.vscode\extensions\redhat.java-1.42.0-win32-x64\jre\21.0.7-win32-x86_64\bin\net.dll
0x00007fff24460000 - 0x00007fff2457e000 	C:\WINDOWS\SYSTEM32\WINHTTP.dll
0x00007fff2fbc0000 - 0x00007fff2fc2a000 	C:\WINDOWS\system32\mswsock.dll
0x00007ffee2190000 - 0x00007ffee21a6000 	C:\Users\Oscar\.vscode\extensions\redhat.java-1.42.0-win32-x64\jre\21.0.7-win32-x86_64\bin\nio.dll
0x00007ffefc340000 - 0x00007ffefc350000 	c:\Users\Oscar\.vscode\extensions\redhat.java-1.42.0-win32-x64\jre\21.0.7-win32-x86_64\bin\verify.dll

dbghelp: loaded successfully - version: 4.0.5 - missing functions: none
symbol engine: initialized successfully - sym options: 0x614 - pdb path: .;c:\Users\Oscar\.vscode\extensions\redhat.java-1.42.0-win32-x64\jre\21.0.7-win32-x86_64\bin;C:\WINDOWS\SYSTEM32;C:\WINDOWS\WinSxS\amd64_microsoft.windows.common-controls_6595b64144ccf1df_6.0.26100.4202_none_3e0698d4e335f517;c:\Users\Oscar\.vscode\extensions\redhat.java-1.42.0-win32-x64\jre\21.0.7-win32-x86_64\bin\server

VM Arguments:
jvm_args: --add-modules=ALL-SYSTEM --add-opens=java.base/java.util=ALL-UNNAMED --add-opens=java.base/java.lang=ALL-UNNAMED --add-opens=java.base/sun.nio.fs=ALL-UNNAMED -Declipse.application=org.eclipse.jdt.ls.core.id1 -Dosgi.bundles.defaultStartLevel=4 -Declipse.product=org.eclipse.jdt.ls.core.product -Djava.import.generatesMetadataFilesAtProjectRoot=false -DDetectVMInstallationsJob.disabled=true -Dfile.encoding=utf8 -XX:+UseParallelGC -XX:GCTimeRatio=4 -XX:AdaptiveSizePolicyWeight=90 -Dsun.zip.disableMemoryMapping=true -Xmx1G -Xms100m -Xlog:disable -javaagent:c:\Users\Oscar\.vscode\extensions\redhat.java-1.42.0-win32-x64\lombok\lombok-1.18.36.jar 
java_command: c:\Users\Oscar\.vscode\extensions\redhat.java-1.42.0-win32-x64\server\plugins\org.eclipse.equinox.launcher_1.7.0.v20250424-1814.jar -configuration c:\Users\Oscar\AppData\Roaming\Code\User\globalStorage\redhat.java\1.42.0\config_ss_win -data c:\Users\Oscar\AppData\Roaming\Code\User\workspaceStorage\7b54abe406377720035372ceba0e6683\redhat.java\ss_ws --pipe=\\.\pipe\lsp-959186b54e8b47659dfd30942c57be67-sock
java_class_path (initial): c:\Users\Oscar\.vscode\extensions\redhat.java-1.42.0-win32-x64\server\plugins\org.eclipse.equinox.launcher_1.7.0.v20250424-1814.jar
Launcher Type: SUN_STANDARD

[Global flags]
    uintx AdaptiveSizePolicyWeight                 = 90                                        {product} {command line}
     intx CICompilerCount                          = 3                                         {product} {ergonomic}
    uintx GCTimeRatio                              = 4                                         {product} {command line}
   size_t InitialHeapSize                          = 104857600                                 {product} {command line}
   size_t MaxHeapSize                              = 1073741824                                {product} {command line}
   size_t MaxNewSize                               = 357564416                                 {product} {ergonomic}
   size_t MinHeapDeltaBytes                        = 524288                                    {product} {ergonomic}
   size_t MinHeapSize                              = 104857600                                 {product} {command line}
   size_t NewSize                                  = 34603008                                  {product} {ergonomic}
    uintx NonNMethodCodeHeapSize                   = 5832780                                {pd product} {ergonomic}
    uintx NonProfiledCodeHeapSize                  = 122912730                              {pd product} {ergonomic}
   size_t OldSize                                  = 70254592                                  {product} {ergonomic}
    uintx ProfiledCodeHeapSize                     = 122912730                              {pd product} {ergonomic}
    uintx ReservedCodeCacheSize                    = 251658240                              {pd product} {ergonomic}
     bool SegmentedCodeCache                       = true                                      {product} {ergonomic}
   size_t SoftMaxHeapSize                          = 1073741824                             {manageable} {ergonomic}
     bool UseCompressedOops                        = true                           {product lp64_product} {ergonomic}
     bool UseLargePagesIndividualAllocation        = false                                  {pd product} {ergonomic}
     bool UseParallelGC                            = true                                      {product} {command line}

Logging:
Log output configuration:
 #0: stdout all=off uptime,level,tags foldmultilines=false
 #1: stderr all=off uptime,level,tags foldmultilines=false

Environment Variables:
JAVA_HOME=C:\Program Files\Java\jdk-17
PATH=C:\Program Files\Common Files\Oracle\Java\javapath;C:\Program Files\Java\jdk-17\bin;C:\WINDOWS\system32;C:\WINDOWS;C:\WINDOWS\System32\Wbem;C:\WINDOWS\System32\WindowsPowerShell\v1.0\;C:\WINDOWS\System32\OpenSSH\;C:\Program Files\dotnet\;C:\Program Files\Git\cmd;C:\Program Files\Apache Software Foundation\Tomcat 10.1\bin;C:\Program Files\Apache Software Foundation\apache-maven-3.9.9\bin;C:\Users\Oscar\AppData\Local\Programs\Python\Launcher\;C:\Users\Oscar\AppData\Local\Microsoft\WindowsApps;C:\Users\Oscar\AppData\Local\Programs\Microsoft VS Code\bin;C:\laragon\bin\php\php-8.1.10-Win32-vs16-x64;
USERNAME=Oscar
OS=Windows_NT
PROCESSOR_IDENTIFIER=Intel64 Family 6 Model 126 Stepping 5, GenuineIntel
TMP=C:\Users\Oscar\AppData\Local\Temp
TEMP=C:\Users\Oscar\AppData\Local\Temp




Periodic native trim disabled

---------------  S Y S T E M  ---------------

OS:
 Windows 11 , 64 bit Build 26100 (10.0.26100.4202)
OS uptime: 2 days 1:43 hours

CPU: total 4 (initial active 4) (2 cores per cpu, 2 threads per core) family 6 model 126 stepping 5 microcode 0x96, cx8, cmov, fxsr, ht, mmx, 3dnowpref, sse, sse2, sse3, ssse3, sse4.1, sse4.2, popcnt, lzcnt, tsc, tscinvbit, avx, avx2, aes, erms, clmul, bmi1, bmi2, adx, avx512f, avx512dq, avx512cd, avx512bw, avx512vl, sha, fma, vzeroupper, avx512_vpopcntdq, avx512_vpclmulqdq, avx512_vaes, avx512_vnni, clflush, clflushopt, avx512_vbmi2, avx512_vbmi, rdtscp, rdpid, fsrm, gfni, avx512_bitalg, f16c, pku, avx512_ifma
Processor Information for the first 4 processors :
  Max Mhz: 1190, Current Mhz: 1190, Mhz Limit: 1190

Memory: 4k page, system-wide physical 3784M (137M free)
TotalPageFile size 15560M (AvailPageFile size 4M)
current process WorkingSet (physical memory assigned to process): 78M, peak: 78M
current process commit charge ("private bytes"): 186M, peak: 186M

vm_info: OpenJDK 64-Bit Server VM (21.0.7+6-LTS) for windows-amd64 JRE (21.0.7+6-LTS), built on 2025-04-15T00:00:00Z by "admin" with MS VC++ 17.7 (VS2022)

END.
