#
# There is insufficient memory for the Java Runtime Environment to continue.
# Native memory allocation (malloc) failed to allocate 118416 bytes. Error detail: Chunk::new
# Possible reasons:
#   The system is out of physical RAM or swap space
#   This process is running with CompressedOops enabled, and the Java Heap may be blocking the growth of the native heap
# Possible solutions:
#   Reduce memory load on the system
#   Increase physical memory or swap space
#   Check if swap backing store is full
#   Decrease Java heap size (-Xmx/-Xms)
#   Decrease number of Java threads
#   Decrease Java thread stack sizes (-Xss)
#   Set larger code cache with -XX:ReservedCodeCacheSize=
#   JVM is running with Unscaled Compressed Oops mode in which the Java heap is
#     placed in the first 4GB address space. The Java Heap base address is the
#     maximum limit for the native heap growth. Please use -XX:HeapBaseMinAddress
#     to set the Java Heap base and to place the Java Heap above 4GB virtual address.
# This output file may be truncated or incomplete.
#
#  Out of Memory Error (arena.cpp:168), pid=15152, tid=7708
#
# JRE version: OpenJDK Runtime Environment Temurin-21.0.7+6 (21.0.7+6) (build 21.0.7+6-LTS)
# Java VM: OpenJDK 64-Bit Server VM Temurin-21.0.7+6 (21.0.7+6-LTS, mixed mode, sharing, tiered, compressed oops, compressed class ptrs, parallel gc, windows-amd64)
# No core dump will be written. Minidumps are not enabled by default on client versions of Windows
#

---------------  S U M M A R Y ------------

Command Line: --add-modules=ALL-SYSTEM --add-opens=java.base/java.util=ALL-UNNAMED --add-opens=java.base/java.lang=ALL-UNNAMED --add-opens=java.base/sun.nio.fs=ALL-UNNAMED -Declipse.application=org.eclipse.jdt.ls.core.id1 -Dosgi.bundles.defaultStartLevel=4 -Declipse.product=org.eclipse.jdt.ls.core.product -Djava.import.generatesMetadataFilesAtProjectRoot=false -DDetectVMInstallationsJob.disabled=true -Dfile.encoding=utf8 -XX:+UseParallelGC -XX:GCTimeRatio=4 -XX:AdaptiveSizePolicyWeight=90 -Dsun.zip.disableMemoryMapping=true -Xmx1G -Xms100m -Xlog:disable -javaagent:c:\Users\Oscar\.vscode\extensions\redhat.java-1.42.0-win32-x64\lombok\lombok-1.18.36.jar c:\Users\Oscar\.vscode\extensions\redhat.java-1.42.0-win32-x64\server\plugins\org.eclipse.equinox.launcher_1.7.0.v20250424-1814.jar -configuration c:\Users\Oscar\AppData\Roaming\Code\User\globalStorage\redhat.java\1.42.0\config_ss_win -data c:\Users\Oscar\AppData\Roaming\Code\User\workspaceStorage\7b54abe406377720035372ceba0e6683\redhat.java\ss_ws --pipe=\\.\pipe\lsp-30cdcd72e3bba4ab43feaf6ed2f56616-sock

Host: Intel(R) Core(TM) i3-1005G1 CPU @ 1.20GHz, 4 cores, 3G,  Windows 11 , 64 bit Build 26100 (10.0.26100.4202)
Time: Wed Jun 18 22:23:45 2025 Hora est. Pacífico, Sudamérica elapsed time: 0.854699 seconds (0d 0h 0m 0s)

---------------  T H R E A D  ---------------

Current thread (0x00000223f18e2480):  JavaThread "C2 CompilerThread1" daemon [_thread_in_native, id=7708, stack(0x000000524d700000,0x000000524d800000) (1024K)]


Current CompileTask:
C2:854  726       4       lombok.patcher.PatchScript::classMatches (41 bytes)

Stack: [0x000000524d700000,0x000000524d800000]
Native frames: (J=compiled Java code, j=interpreted, Vv=VM code, C=native code)
V  [jvm.dll+0x6ce119]
V  [jvm.dll+0x8a84a1]
V  [jvm.dll+0x8aa9ce]
V  [jvm.dll+0x8ab0b3]
V  [jvm.dll+0x27f8a6]
V  [jvm.dll+0xc507d]
V  [jvm.dll+0xc55b3]
V  [jvm.dll+0x13e9cf]
V  [jvm.dll+0x65d805]
V  [jvm.dll+0x65bd5e]
V  [jvm.dll+0x247975]
V  [jvm.dll+0x2470cf]
V  [jvm.dll+0x1c760e]
V  [jvm.dll+0x25695a]
V  [jvm.dll+0x254efa]
V  [jvm.dll+0x3f03f6]
V  [jvm.dll+0x851f6b]
V  [jvm.dll+0x6cc7dd]
C  [ucrtbase.dll+0x37b0]
C  [KERNEL32.DLL+0x2e8d7]
C  [ntdll.dll+0x3c34c]


---------------  P R O C E S S  ---------------

Threads class SMR info:
_java_thread_list=0x00000223f1a216c0, length=12, elements={
0x000002239b5ed6f0, 0x00000223af91b3d0, 0x00000223af91e850, 0x00000223af922630,
0x00000223af923080, 0x00000223af923cd0, 0x00000223af926830, 0x00000223af929670,
0x00000223af9672f0, 0x00000223f17c6fa0, 0x00000223f1a3fc90, 0x00000223f18e2480
}

Java Threads: ( => current thread )
  0x000002239b5ed6f0 JavaThread "main"                              [_thread_in_vm, id=9036, stack(0x000000524c900000,0x000000524ca00000) (1024K)]
  0x00000223af91b3d0 JavaThread "Reference Handler"          daemon [_thread_blocked, id=2892, stack(0x000000524cd00000,0x000000524ce00000) (1024K)]
  0x00000223af91e850 JavaThread "Finalizer"                  daemon [_thread_blocked, id=16880, stack(0x000000524ce00000,0x000000524cf00000) (1024K)]
  0x00000223af922630 JavaThread "Signal Dispatcher"          daemon [_thread_blocked, id=3448, stack(0x000000524cf00000,0x000000524d000000) (1024K)]
  0x00000223af923080 JavaThread "Attach Listener"            daemon [_thread_blocked, id=3584, stack(0x000000524d000000,0x000000524d100000) (1024K)]
  0x00000223af923cd0 JavaThread "Service Thread"             daemon [_thread_blocked, id=7392, stack(0x000000524d100000,0x000000524d200000) (1024K)]
  0x00000223af926830 JavaThread "Monitor Deflation Thread"   daemon [_thread_blocked, id=16616, stack(0x000000524d200000,0x000000524d300000) (1024K)]
  0x00000223af929670 JavaThread "C2 CompilerThread0"         daemon [_thread_in_native, id=9152, stack(0x000000524d300000,0x000000524d400000) (1024K)]
  0x00000223af9672f0 JavaThread "C1 CompilerThread0"         daemon [_thread_blocked, id=7544, stack(0x000000524d400000,0x000000524d500000) (1024K)]
  0x00000223f17c6fa0 JavaThread "Common-Cleaner"             daemon [_thread_blocked, id=16468, stack(0x000000524d500000,0x000000524d600000) (1024K)]
  0x00000223f1a3fc90 JavaThread "Notification Thread"        daemon [_thread_blocked, id=7628, stack(0x000000524d600000,0x000000524d700000) (1024K)]
=>0x00000223f18e2480 JavaThread "C2 CompilerThread1"         daemon [_thread_in_native, id=7708, stack(0x000000524d700000,0x000000524d800000) (1024K)]
Total: 12

Other Threads:
  0x000002239921f760 VMThread "VM Thread"                           [id=17732, stack(0x000000524cc00000,0x000000524cd00000) (1024K)]
  0x000002239b657200 WatcherThread "VM Periodic Task Thread"        [id=17560, stack(0x000000524cb00000,0x000000524cc00000) (1024K)]
  0x0000022399220980 WorkerThread "GC Thread#0"                     [id=11296, stack(0x000000524ca00000,0x000000524cb00000) (1024K)]
Total: 3

Threads with active compile tasks:
C2 CompilerThread0  964  728       4       lombok.patcher.scripts.MethodLevelPatchScript::patch (21 bytes)
C2 CompilerThread1  964  726       4       lombok.patcher.PatchScript::classMatches (41 bytes)
Total: 2

VM state: not at safepoint (normal execution)

VM Mutex/Monitor currently owned by a thread: None

Heap address: 0x00000000c0000000, size: 1024 MB, Compressed Oops mode: 32-bit

CDS archive(s) mapped at: [0x00000223b0000000-0x00000223b0ba0000-0x00000223b0ba0000), size 12189696, SharedBaseAddress: 0x00000223b0000000, ArchiveRelocationMode: 1.
Compressed class space mapped at: 0x00000223b1000000-0x00000223f1000000, reserved size: 1073741824
Narrow klass base: 0x00000223b0000000, Narrow klass shift: 0, Narrow klass range: 0x100000000

GC Precious Log:
 CardTable entry size: 512
 CPUs: 4 total, 4 available
 Memory: 3784M
 Large Page Support: Disabled
 NUMA Support: Disabled
 Compressed Oops: Enabled (32-bit)
 Alignments: Space 512K, Generation 512K, Heap 2M
 Heap Min Capacity: 100M
 Heap Initial Capacity: 100M
 Heap Max Capacity: 1G
 Pre-touch: Disabled
 Parallel Workers: 4

Heap:
 PSYoungGen      total 29696K, used 15528K [0x00000000eab00000, 0x00000000ecc00000, 0x0000000100000000)
  eden space 25600K, 60% used [0x00000000eab00000,0x00000000eba2a280,0x00000000ec400000)
  from space 4096K, 0% used [0x00000000ec800000,0x00000000ec800000,0x00000000ecc00000)
  to   space 4096K, 0% used [0x00000000ec400000,0x00000000ec400000,0x00000000ec800000)
 ParOldGen       total 68608K, used 0K [0x00000000c0000000, 0x00000000c4300000, 0x00000000eab00000)
  object space 68608K, 0% used [0x00000000c0000000,0x00000000c0000000,0x00000000c4300000)
 Metaspace       used 2978K, committed 3136K, reserved 1114112K
  class space    used 300K, committed 384K, reserved 1048576K

Card table byte_map: [0x000002239af90000,0x000002239b1a0000] _byte_map_base: 0x000002239a990000

Marking Bits: (ParMarkBitMap*) 0x00007ffeaeb131f0
 Begin Bits: [0x00000223ad7e0000, 0x00000223ae7e0000)
 End Bits:   [0x00000223ae7e0000, 0x00000223af7e0000)

Polling page: 0x0000022399200000

Metaspace:

Usage:
  Non-class:      2.62 MB used.
      Class:    300.60 KB used.
       Both:      2.91 MB used.

Virtual space:
  Non-class space:       64.00 MB reserved,       2.69 MB (  4%) committed,  1 nodes.
      Class space:        1.00 GB reserved,     384.00 KB ( <1%) committed,  1 nodes.
             Both:        1.06 GB reserved,       3.06 MB ( <1%) committed. 

Chunk freelists:
   Non-Class:  11.57 MB
       Class:  15.66 MB
        Both:  27.23 MB

MaxMetaspaceSize: unlimited
CompressedClassSpaceSize: 1.00 GB
Initial GC threshold: 21.00 MB
Current GC threshold: 21.00 MB
CDS: on
 - commit_granule_bytes: 65536.
 - commit_granule_words: 8192.
 - virtual_space_node_default_size: 8388608.
 - enlarge_chunks_in_place: 1.
 - use_allocation_guard: 0.


Internal statistics:

num_allocs_failed_limit: 0.
num_arena_births: 84.
num_arena_deaths: 0.
num_vsnodes_births: 2.
num_vsnodes_deaths: 0.
num_space_committed: 49.
num_space_uncommitted: 0.
num_chunks_returned_to_freelist: 0.
num_chunks_taken_from_freelist: 112.
num_chunk_merges: 0.
num_chunk_splits: 76.
num_chunks_enlarged: 48.
num_inconsistent_stats: 0.

CodeHeap 'non-profiled nmethods': size=120000Kb used=293Kb max_used=293Kb free=119706Kb
 bounds [0x00000223a62b0000, 0x00000223a6520000, 0x00000223ad7e0000]
CodeHeap 'profiled nmethods': size=120000Kb used=1128Kb max_used=1128Kb free=118871Kb
 bounds [0x000002239e7e0000, 0x000002239ea50000, 0x00000223a5d10000]
CodeHeap 'non-nmethods': size=5760Kb used=1195Kb max_used=1219Kb free=4564Kb
 bounds [0x00000223a5d10000, 0x00000223a5f80000, 0x00000223a62b0000]
 total_blobs=1186 nmethods=744 adapters=349
 compilation: enabled
              stopped_count=0, restarted_count=0
 full_count=0

Compilation events (20 events):
Event: 0.815 Thread 0x00000223f18e2480 nmethod 721 0x00000223a62f6010 code [0x00000223a62f61a0, 0x00000223a62f62d8]
Event: 0.815 Thread 0x00000223f18e2480  722       4       java.math.BigInteger::addOne (77 bytes)
Event: 0.815 Thread 0x00000223af929670 nmethod 720 0x00000223a62f6410 code [0x00000223a62f65a0, 0x00000223a62f6750]
Event: 0.817 Thread 0x00000223f18e2480 nmethod 722 0x00000223a62f6910 code [0x00000223a62f6aa0, 0x00000223a62f6c10]
Event: 0.817 Thread 0x00000223af9672f0  723   !   3       java.lang.String::<init> (890 bytes)
Event: 0.822 Thread 0x00000223af9672f0 nmethod 723 0x000002239e8e8190 code [0x000002239e8e8a00, 0x000002239e8eda10]
Event: 0.822 Thread 0x00000223af9672f0  724       3       java.lang.StringBuilder::<init> (6 bytes)
Event: 0.822 Thread 0x00000223af9672f0 nmethod 724 0x000002239e8ef490 code [0x000002239e8ef640, 0x000002239e8ef778]
Event: 0.822 Thread 0x00000223af929670  725       4       java.util.HashSet::iterator (13 bytes)
Event: 0.823 Thread 0x00000223f18e2480  726       4       lombok.patcher.PatchScript::classMatches (41 bytes)
Event: 0.824 Thread 0x00000223af9672f0  729       3       java.lang.String::toLowerCase (29 bytes)
Event: 0.824 Thread 0x00000223af9672f0 nmethod 729 0x000002239e8ef810 code [0x000002239e8ef9e0, 0x000002239e8efc98]
Event: 0.824 Thread 0x00000223af9672f0  730       3       java.security.Provider$ServiceKey::<init> (39 bytes)
Event: 0.825 Thread 0x00000223af9672f0 nmethod 730 0x000002239e8efd90 code [0x000002239e8eff80, 0x000002239e8f03c0]
Event: 0.825 Thread 0x00000223af9672f0  731       3       java.security.Provider$ServiceKey::hashCode (19 bytes)
Event: 0.825 Thread 0x00000223af9672f0 nmethod 731 0x000002239e8f0590 code [0x000002239e8f0740, 0x000002239e8f08d8]
Event: 0.832 Thread 0x00000223af929670 nmethod 725 0x00000223a62f6d90 code [0x00000223a62f6f80, 0x00000223a62f75a0]
Event: 0.832 Thread 0x00000223af929670  728       4       lombok.patcher.scripts.MethodLevelPatchScript::patch (21 bytes)
Event: 0.836 Thread 0x00000223af9672f0  732       1       java.security.Provider$UString::toString (5 bytes)
Event: 0.836 Thread 0x00000223af9672f0 nmethod 732 0x00000223a62f7990 code [0x00000223a62f7b20, 0x00000223a62f7be8]

GC Heap History (0 events):
No events

Dll operation events (8 events):
Event: 0.016 Loaded shared library c:\Users\Oscar\.vscode\extensions\redhat.java-1.42.0-win32-x64\jre\21.0.7-win32-x86_64\bin\java.dll
Event: 0.095 Loaded shared library c:\Users\Oscar\.vscode\extensions\redhat.java-1.42.0-win32-x64\jre\21.0.7-win32-x86_64\bin\zip.dll
Event: 0.126 Loaded shared library C:\Users\Oscar\.vscode\extensions\redhat.java-1.42.0-win32-x64\jre\21.0.7-win32-x86_64\bin\instrument.dll
Event: 0.134 Loaded shared library C:\Users\Oscar\.vscode\extensions\redhat.java-1.42.0-win32-x64\jre\21.0.7-win32-x86_64\bin\net.dll
Event: 0.138 Loaded shared library C:\Users\Oscar\.vscode\extensions\redhat.java-1.42.0-win32-x64\jre\21.0.7-win32-x86_64\bin\nio.dll
Event: 0.143 Loaded shared library C:\Users\Oscar\.vscode\extensions\redhat.java-1.42.0-win32-x64\jre\21.0.7-win32-x86_64\bin\zip.dll
Event: 0.179 Loaded shared library C:\Users\Oscar\.vscode\extensions\redhat.java-1.42.0-win32-x64\jre\21.0.7-win32-x86_64\bin\jimage.dll
Event: 0.331 Loaded shared library c:\Users\Oscar\.vscode\extensions\redhat.java-1.42.0-win32-x64\jre\21.0.7-win32-x86_64\bin\verify.dll

Deoptimization events (20 events):
Event: 0.803 Thread 0x000002239b5ed6f0 DEOPT PACKING pc=0x000002239e8dc604 sp=0x000000524c9fd5e0
Event: 0.804 Thread 0x000002239b5ed6f0 DEOPT UNPACKING pc=0x00000223a5d678e2 sp=0x000000524c9fca38 mode 0
Event: 0.804 Thread 0x000002239b5ed6f0 DEOPT PACKING pc=0x000002239e8dc604 sp=0x000000524c9fd560
Event: 0.804 Thread 0x000002239b5ed6f0 DEOPT UNPACKING pc=0x00000223a5d678e2 sp=0x000000524c9fc9b8 mode 0
Event: 0.804 Thread 0x000002239b5ed6f0 DEOPT PACKING pc=0x000002239e8dc604 sp=0x000000524c9fd5e0
Event: 0.804 Thread 0x000002239b5ed6f0 DEOPT UNPACKING pc=0x00000223a5d678e2 sp=0x000000524c9fca38 mode 0
Event: 0.804 Thread 0x000002239b5ed6f0 DEOPT PACKING pc=0x000002239e8dc604 sp=0x000000524c9fd5e0
Event: 0.804 Thread 0x000002239b5ed6f0 DEOPT UNPACKING pc=0x00000223a5d678e2 sp=0x000000524c9fca38 mode 0
Event: 0.805 Thread 0x000002239b5ed6f0 DEOPT PACKING pc=0x000002239e8dc604 sp=0x000000524c9fd5d0
Event: 0.805 Thread 0x000002239b5ed6f0 DEOPT UNPACKING pc=0x00000223a5d678e2 sp=0x000000524c9fca28 mode 0
Event: 0.805 Thread 0x000002239b5ed6f0 DEOPT PACKING pc=0x000002239e8dc604 sp=0x000000524c9fd5d0
Event: 0.805 Thread 0x000002239b5ed6f0 DEOPT UNPACKING pc=0x00000223a5d678e2 sp=0x000000524c9fca28 mode 0
Event: 0.805 Thread 0x000002239b5ed6f0 DEOPT PACKING pc=0x000002239e8dc604 sp=0x000000524c9fd6f0
Event: 0.805 Thread 0x000002239b5ed6f0 DEOPT UNPACKING pc=0x00000223a5d678e2 sp=0x000000524c9fcb48 mode 0
Event: 0.805 Thread 0x000002239b5ed6f0 DEOPT PACKING pc=0x000002239e8dc604 sp=0x000000524c9fd6f0
Event: 0.805 Thread 0x000002239b5ed6f0 DEOPT UNPACKING pc=0x00000223a5d678e2 sp=0x000000524c9fcb48 mode 0
Event: 0.812 Thread 0x000002239b5ed6f0 Uncommon trap: trap_request=0xffffff6e fr.pc=0x00000223a62f56ec relative=0x000000000000034c
Event: 0.812 Thread 0x000002239b5ed6f0 Uncommon trap: reason=loop_limit_check action=maybe_recompile pc=0x00000223a62f56ec method=java.math.BigInteger.implMulAdd([I[IIII)I @ 26 c2
Event: 0.812 Thread 0x000002239b5ed6f0 DEOPT PACKING pc=0x00000223a62f56ec sp=0x000000524c9fd7c0
Event: 0.812 Thread 0x000002239b5ed6f0 DEOPT UNPACKING pc=0x00000223a5d66da2 sp=0x000000524c9fd710 mode 2

Classes loaded (20 events):
Event: 0.818 Loading class java/security/interfaces/ECKey
Event: 0.818 Loading class java/security/interfaces/ECKey done
Event: 0.818 Loading class java/security/interfaces/XECKey
Event: 0.818 Loading class java/security/interfaces/XECKey done
Event: 0.819 Loading class sun/security/util/KeyUtil
Event: 0.819 Loading class sun/security/util/KeyUtil done
Event: 0.819 Loading class sun/security/util/Length
Event: 0.819 Loading class sun/security/util/Length done
Event: 0.819 Loading class javax/crypto/SecretKey
Event: 0.820 Loading class javax/crypto/SecretKey done
Event: 0.822 Loading class java/util/Base64
Event: 0.822 Loading class java/util/Base64 done
Event: 0.822 Loading class java/util/Base64$Decoder
Event: 0.823 Loading class java/util/Base64$Decoder done
Event: 0.823 Loading class java/util/Base64$Encoder
Event: 0.823 Loading class java/util/Base64$Encoder done
Event: 0.823 Loading class java/util/jar/JarVerifier$VerifierStream
Event: 0.824 Loading class java/util/jar/JarVerifier$VerifierStream done
Event: 0.824 Loading class sun/security/util/ManifestEntryVerifier$SunProviderHolder
Event: 0.824 Loading class sun/security/util/ManifestEntryVerifier$SunProviderHolder done

Classes unloaded (0 events):
No events

Classes redefined (0 events):
No events

Internal exceptions (12 events):
Event: 0.087 Thread 0x000002239b5ed6f0 Exception <a 'java/lang/NoSuchMethodError'{0x00000000ead29ee0}: 'void java.lang.invoke.DirectMethodHandle$Holder.invokeStatic(java.lang.Object, java.lang.Object, java.lang.Object)'> (0x00000000ead29ee0) 
thrown [s\src\hotspot\share\interpreter\linkResolver.cpp, line 773]
Event: 0.166 Thread 0x000002239b5ed6f0 Exception <a 'java/lang/NoSuchMethodError'{0x00000000eae92748}: 'java.lang.Object java.lang.invoke.Invokers$Holder.invokeExact_MT(java.lang.Object, java.lang.Object, java.lang.Object, java.lang.Object, java.lang.Object)'> (0x00000000eae92748) 
thrown [s\src\hotspot\share\interpreter\linkResolver.cpp, line 773]
Event: 0.265 Thread 0x000002239b5ed6f0 Exception <a 'java/lang/NoSuchMethodError'{0x00000000eaf4bc08}: 'int java.lang.invoke.DirectMethodHandle$Holder.invokeSpecial(java.lang.Object, java.lang.Object, java.lang.Object, int)'> (0x00000000eaf4bc08) 
thrown [s\src\hotspot\share\interpreter\linkResolver.cpp, line 773]
Event: 0.272 Thread 0x000002239b5ed6f0 Exception <a 'java/lang/NoSuchMethodError'{0x00000000eaf5e5f0}: 'java.lang.Object java.lang.invoke.DirectMethodHandle$Holder.invokeStatic(java.lang.Object, java.lang.Object, java.lang.Object, java.lang.Object, int)'> (0x00000000eaf5e5f0) 
thrown [s\src\hotspot\share\interpreter\linkResolver.cpp, line 773]
Event: 0.274 Thread 0x000002239b5ed6f0 Exception <a 'java/lang/NoSuchMethodError'{0x00000000eaf69a98}: 'void java.lang.invoke.DelegatingMethodHandle$Holder.reinvoke_L(java.lang.Object, java.lang.Object, java.lang.Object, int, java.lang.Object)'> (0x00000000eaf69a98) 
thrown [s\src\hotspot\share\interpreter\linkResolver.cpp, line 773]
Event: 0.278 Thread 0x000002239b5ed6f0 Exception <a 'java/lang/NoSuchMethodError'{0x00000000eaf7a3e8}: 'int java.lang.invoke.DirectMethodHandle$Holder.invokeSpecial(java.lang.Object, java.lang.Object, java.lang.Object)'> (0x00000000eaf7a3e8) 
thrown [s\src\hotspot\share\interpreter\linkResolver.cpp, line 773]
Event: 0.280 Thread 0x000002239b5ed6f0 Exception <a 'java/lang/NoSuchMethodError'{0x00000000eaf860a8}: 'java.lang.Object java.lang.invoke.DirectMethodHandle$Holder.invokeStatic(java.lang.Object, java.lang.Object, int)'> (0x00000000eaf860a8) 
thrown [s\src\hotspot\share\interpreter\linkResolver.cpp, line 773]
Event: 0.281 Thread 0x000002239b5ed6f0 Exception <a 'java/lang/NoSuchMethodError'{0x00000000eaf8a9f8}: 'void java.lang.invoke.DirectMethodHandle$Holder.invokeStatic(java.lang.Object, java.lang.Object, int, java.lang.Object)'> (0x00000000eaf8a9f8) 
thrown [s\src\hotspot\share\interpreter\linkResolver.cpp, line 773]
Event: 0.281 Thread 0x000002239b5ed6f0 Exception <a 'java/lang/NoSuchMethodError'{0x00000000eaf8e588}: 'void java.lang.invoke.DirectMethodHandle$Holder.invokeSpecial(java.lang.Object, java.lang.Object, java.lang.Object, int, java.lang.Object)'> (0x00000000eaf8e588) 
thrown [s\src\hotspot\share\interpreter\linkResolver.cpp, line 773]
Event: 0.282 Thread 0x000002239b5ed6f0 Exception <a 'java/lang/NoSuchMethodError'{0x00000000eaf919f8}: 'void java.lang.invoke.DelegatingMethodHandle$Holder.delegate(java.lang.Object, java.lang.Object, int, java.lang.Object)'> (0x00000000eaf919f8) 
thrown [s\src\hotspot\share\interpreter\linkResolver.cpp, line 773]
Event: 0.365 Thread 0x000002239b5ed6f0 Exception <a 'java/lang/NoSuchMethodError'{0x00000000eb14e450}: 'void java.lang.invoke.DelegatingMethodHandle$Holder.reinvoke_L(java.lang.Object, java.lang.Object, java.lang.Object, int)'> (0x00000000eb14e450) 
thrown [s\src\hotspot\share\interpreter\linkResolver.cpp, line 773]
Event: 0.619 Thread 0x000002239b5ed6f0 Exception <a 'java/lang/NoSuchMethodError'{0x00000000eb5d5098}: 'void java.lang.invoke.DirectMethodHandle$Holder.invokeVirtual(java.lang.Object, java.lang.Object)'> (0x00000000eb5d5098) 
thrown [s\src\hotspot\share\interpreter\linkResolver.cpp, line 773]

ZGC Phase Switch (0 events):
No events

VM Operations (6 events):
Event: 0.091 Executing VM operation: HandshakeAllThreads (Deoptimize)
Event: 0.092 Executing VM operation: HandshakeAllThreads (Deoptimize) done
Event: 0.211 Executing VM operation: HandshakeAllThreads (Deoptimize)
Event: 0.211 Executing VM operation: HandshakeAllThreads (Deoptimize) done
Event: 0.821 Executing VM operation: HandshakeAllThreads (Deoptimize)
Event: 0.821 Executing VM operation: HandshakeAllThreads (Deoptimize) done

Memory protections (0 events):
No events

Nmethod flushes (0 events):
No events

Events (12 events):
Event: 0.032 Thread 0x000002239b5ed6f0 Thread added: 0x000002239b5ed6f0
Event: 0.050 Thread 0x000002239b5ed6f0 Thread added: 0x00000223af91b3d0
Event: 0.051 Thread 0x000002239b5ed6f0 Thread added: 0x00000223af91e850
Event: 0.051 Thread 0x000002239b5ed6f0 Thread added: 0x00000223af922630
Event: 0.051 Thread 0x000002239b5ed6f0 Thread added: 0x00000223af923080
Event: 0.051 Thread 0x000002239b5ed6f0 Thread added: 0x00000223af923cd0
Event: 0.051 Thread 0x000002239b5ed6f0 Thread added: 0x00000223af926830
Event: 0.051 Thread 0x000002239b5ed6f0 Thread added: 0x00000223af929670
Event: 0.052 Thread 0x000002239b5ed6f0 Thread added: 0x00000223af9672f0
Event: 0.078 Thread 0x000002239b5ed6f0 Thread added: 0x00000223f17c6fa0
Event: 0.459 Thread 0x000002239b5ed6f0 Thread added: 0x00000223f1a3fc90
Event: 0.463 Thread 0x00000223af9672f0 Thread added: 0x00000223f18e2480


Dynamic libraries:
0x00007ff6d6ee0000 - 0x00007ff6d6eee000 	c:\Users\Oscar\.vscode\extensions\redhat.java-1.42.0-win32-x64\jre\21.0.7-win32-x86_64\bin\java.exe
0x00007fff33740000 - 0x00007fff339a5000 	C:\WINDOWS\SYSTEM32\ntdll.dll
0x00007fff326f0000 - 0x00007fff327b9000 	C:\WINDOWS\System32\KERNEL32.DLL
0x00007fff30d80000 - 0x00007fff31168000 	C:\WINDOWS\System32\KERNELBASE.dll
0x00007fff30920000 - 0x00007fff30a6b000 	C:\WINDOWS\System32\ucrtbase.dll
0x00007fff1ca20000 - 0x00007fff1ca38000 	c:\Users\Oscar\.vscode\extensions\redhat.java-1.42.0-win32-x64\jre\21.0.7-win32-x86_64\bin\jli.dll
0x00007fff01e00000 - 0x00007fff01e1e000 	c:\Users\Oscar\.vscode\extensions\redhat.java-1.42.0-win32-x64\jre\21.0.7-win32-x86_64\bin\VCRUNTIME140.dll
0x00007fff315c0000 - 0x00007fff3178a000 	C:\WINDOWS\System32\USER32.dll
0x00007fff30d50000 - 0x00007fff30d77000 	C:\WINDOWS\System32\win32u.dll
0x00007fff31c60000 - 0x00007fff31c8b000 	C:\WINDOWS\System32\GDI32.dll
0x00007fff313a0000 - 0x00007fff314d7000 	C:\WINDOWS\System32\gdi32full.dll
0x00007fff31170000 - 0x00007fff31213000 	C:\WINDOWS\System32\msvcp_win.dll
0x00007fff0de20000 - 0x00007fff0e0ba000 	C:\WINDOWS\WinSxS\amd64_microsoft.windows.common-controls_6595b64144ccf1df_6.0.26100.4202_none_3e0698d4e335f517\COMCTL32.dll
0x00007fff33080000 - 0x00007fff33129000 	C:\WINDOWS\System32\msvcrt.dll
0x00007fff31580000 - 0x00007fff315b0000 	C:\WINDOWS\System32\IMM32.DLL
0x00007fff1cb10000 - 0x00007fff1cb1c000 	c:\Users\Oscar\.vscode\extensions\redhat.java-1.42.0-win32-x64\jre\21.0.7-win32-x86_64\bin\vcruntime140_1.dll
0x00007ffeccdc0000 - 0x00007ffecce4d000 	c:\Users\Oscar\.vscode\extensions\redhat.java-1.42.0-win32-x64\jre\21.0.7-win32-x86_64\bin\msvcp140.dll
0x00007ffeade60000 - 0x00007ffeaebf0000 	c:\Users\Oscar\.vscode\extensions\redhat.java-1.42.0-win32-x64\jre\21.0.7-win32-x86_64\bin\server\jvm.dll
0x00007fff32e00000 - 0x00007fff32eb3000 	C:\WINDOWS\System32\ADVAPI32.dll
0x00007fff33650000 - 0x00007fff336f6000 	C:\WINDOWS\System32\sechost.dll
0x00007fff31940000 - 0x00007fff31a55000 	C:\WINDOWS\System32\RPCRT4.dll
0x00007fff314f0000 - 0x00007fff31564000 	C:\WINDOWS\System32\WS2_32.dll
0x00007fff30700000 - 0x00007fff3075e000 	C:\WINDOWS\SYSTEM32\POWRPROF.dll
0x00007fff12740000 - 0x00007fff12775000 	C:\WINDOWS\SYSTEM32\WINMM.dll
0x00007fff25290000 - 0x00007fff2529b000 	C:\WINDOWS\SYSTEM32\VERSION.dll
0x00007fff306e0000 - 0x00007fff306f4000 	C:\WINDOWS\SYSTEM32\UMPDC.dll
0x00007fff2f650000 - 0x00007fff2f66b000 	C:\WINDOWS\SYSTEM32\kernel.appcore.dll
0x00007fff1cae0000 - 0x00007fff1caea000 	c:\Users\Oscar\.vscode\extensions\redhat.java-1.42.0-win32-x64\jre\21.0.7-win32-x86_64\bin\jimage.dll
0x00007fff2df90000 - 0x00007fff2e1d1000 	C:\WINDOWS\SYSTEM32\DBGHELP.DLL
0x00007fff328f0000 - 0x00007fff32c75000 	C:\WINDOWS\System32\combase.dll
0x00007fff32d10000 - 0x00007fff32df1000 	C:\WINDOWS\System32\OLEAUT32.dll
0x00007fff0d480000 - 0x00007fff0d4b9000 	C:\WINDOWS\SYSTEM32\dbgcore.DLL
0x00007fff30a70000 - 0x00007fff30b09000 	C:\WINDOWS\System32\bcryptPrimitives.dll
0x00007fff16a40000 - 0x00007fff16a4f000 	c:\Users\Oscar\.vscode\extensions\redhat.java-1.42.0-win32-x64\jre\21.0.7-win32-x86_64\bin\instrument.dll
0x00007ffeff370000 - 0x00007ffeff38f000 	c:\Users\Oscar\.vscode\extensions\redhat.java-1.42.0-win32-x64\jre\21.0.7-win32-x86_64\bin\java.dll
0x00007fff31e00000 - 0x00007fff32542000 	C:\WINDOWS\System32\SHELL32.dll
0x00007fff31220000 - 0x00007fff31394000 	C:\WINDOWS\System32\wintypes.dll
0x00007fff2e530000 - 0x00007fff2ed88000 	C:\WINDOWS\SYSTEM32\windows.storage.dll
0x00007fff31790000 - 0x00007fff31881000 	C:\WINDOWS\System32\SHCORE.dll
0x00007fff325a0000 - 0x00007fff3260a000 	C:\WINDOWS\System32\shlwapi.dll
0x00007fff307a0000 - 0x00007fff307cf000 	C:\WINDOWS\SYSTEM32\profapi.dll
0x00007ffef9ac0000 - 0x00007ffef9ad8000 	c:\Users\Oscar\.vscode\extensions\redhat.java-1.42.0-win32-x64\jre\21.0.7-win32-x86_64\bin\zip.dll
0x00007fff0d4f0000 - 0x00007fff0d500000 	C:\Users\Oscar\.vscode\extensions\redhat.java-1.42.0-win32-x64\jre\21.0.7-win32-x86_64\bin\net.dll
0x00007fff24460000 - 0x00007fff2457e000 	C:\WINDOWS\SYSTEM32\WINHTTP.dll
0x00007fff2fbc0000 - 0x00007fff2fc2a000 	C:\WINDOWS\system32\mswsock.dll
0x00007ffeee7d0000 - 0x00007ffeee7e6000 	C:\Users\Oscar\.vscode\extensions\redhat.java-1.42.0-win32-x64\jre\21.0.7-win32-x86_64\bin\nio.dll
0x00007fff01f30000 - 0x00007fff01f40000 	c:\Users\Oscar\.vscode\extensions\redhat.java-1.42.0-win32-x64\jre\21.0.7-win32-x86_64\bin\verify.dll

dbghelp: loaded successfully - version: 4.0.5 - missing functions: none
symbol engine: initialized successfully - sym options: 0x614 - pdb path: .;c:\Users\Oscar\.vscode\extensions\redhat.java-1.42.0-win32-x64\jre\21.0.7-win32-x86_64\bin;C:\WINDOWS\SYSTEM32;C:\WINDOWS\WinSxS\amd64_microsoft.windows.common-controls_6595b64144ccf1df_6.0.26100.4202_none_3e0698d4e335f517;c:\Users\Oscar\.vscode\extensions\redhat.java-1.42.0-win32-x64\jre\21.0.7-win32-x86_64\bin\server

VM Arguments:
jvm_args: --add-modules=ALL-SYSTEM --add-opens=java.base/java.util=ALL-UNNAMED --add-opens=java.base/java.lang=ALL-UNNAMED --add-opens=java.base/sun.nio.fs=ALL-UNNAMED -Declipse.application=org.eclipse.jdt.ls.core.id1 -Dosgi.bundles.defaultStartLevel=4 -Declipse.product=org.eclipse.jdt.ls.core.product -Djava.import.generatesMetadataFilesAtProjectRoot=false -DDetectVMInstallationsJob.disabled=true -Dfile.encoding=utf8 -XX:+UseParallelGC -XX:GCTimeRatio=4 -XX:AdaptiveSizePolicyWeight=90 -Dsun.zip.disableMemoryMapping=true -Xmx1G -Xms100m -Xlog:disable -javaagent:c:\Users\Oscar\.vscode\extensions\redhat.java-1.42.0-win32-x64\lombok\lombok-1.18.36.jar 
java_command: c:\Users\Oscar\.vscode\extensions\redhat.java-1.42.0-win32-x64\server\plugins\org.eclipse.equinox.launcher_1.7.0.v20250424-1814.jar -configuration c:\Users\Oscar\AppData\Roaming\Code\User\globalStorage\redhat.java\1.42.0\config_ss_win -data c:\Users\Oscar\AppData\Roaming\Code\User\workspaceStorage\7b54abe406377720035372ceba0e6683\redhat.java\ss_ws --pipe=\\.\pipe\lsp-30cdcd72e3bba4ab43feaf6ed2f56616-sock
java_class_path (initial): c:\Users\Oscar\.vscode\extensions\redhat.java-1.42.0-win32-x64\server\plugins\org.eclipse.equinox.launcher_1.7.0.v20250424-1814.jar
Launcher Type: SUN_STANDARD

[Global flags]
    uintx AdaptiveSizePolicyWeight                 = 90                                        {product} {command line}
     intx CICompilerCount                          = 3                                         {product} {ergonomic}
    uintx GCTimeRatio                              = 4                                         {product} {command line}
   size_t InitialHeapSize                          = 104857600                                 {product} {command line}
   size_t MaxHeapSize                              = 1073741824                                {product} {command line}
   size_t MaxNewSize                               = 357564416                                 {product} {ergonomic}
   size_t MinHeapDeltaBytes                        = 524288                                    {product} {ergonomic}
   size_t MinHeapSize                              = 104857600                                 {product} {command line}
   size_t NewSize                                  = 34603008                                  {product} {ergonomic}
    uintx NonNMethodCodeHeapSize                   = 5832780                                {pd product} {ergonomic}
    uintx NonProfiledCodeHeapSize                  = 122912730                              {pd product} {ergonomic}
   size_t OldSize                                  = 70254592                                  {product} {ergonomic}
    uintx ProfiledCodeHeapSize                     = 122912730                              {pd product} {ergonomic}
    uintx ReservedCodeCacheSize                    = 251658240                              {pd product} {ergonomic}
     bool SegmentedCodeCache                       = true                                      {product} {ergonomic}
   size_t SoftMaxHeapSize                          = 1073741824                             {manageable} {ergonomic}
     bool UseCompressedOops                        = true                           {product lp64_product} {ergonomic}
     bool UseLargePagesIndividualAllocation        = false                                  {pd product} {ergonomic}
     bool UseParallelGC                            = true                                      {product} {command line}

Logging:
Log output configuration:
 #0: stdout all=off uptime,level,tags foldmultilines=false
 #1: stderr all=off uptime,level,tags foldmultilines=false

Environment Variables:
JAVA_HOME=C:\Program Files\Java\jdk-17
PATH=C:\Program Files\Common Files\Oracle\Java\javapath;C:\Program Files\Java\jdk-17\bin;C:\WINDOWS\system32;C:\WINDOWS;C:\WINDOWS\System32\Wbem;C:\WINDOWS\System32\WindowsPowerShell\v1.0\;C:\WINDOWS\System32\OpenSSH\;C:\Program Files\dotnet\;C:\Program Files\Git\cmd;C:\Program Files\Apache Software Foundation\Tomcat 10.1\bin;C:\Program Files\Apache Software Foundation\apache-maven-3.9.9\bin;C:\Users\Oscar\AppData\Local\Programs\Python\Launcher\;C:\Users\Oscar\AppData\Local\Microsoft\WindowsApps;C:\Users\Oscar\AppData\Local\Programs\Microsoft VS Code\bin;C:\laragon\bin\php\php-8.1.10-Win32-vs16-x64;
USERNAME=Oscar
OS=Windows_NT
PROCESSOR_IDENTIFIER=Intel64 Family 6 Model 126 Stepping 5, GenuineIntel
TMP=C:\Users\Oscar\AppData\Local\Temp
TEMP=C:\Users\Oscar\AppData\Local\Temp




Periodic native trim disabled

---------------  S Y S T E M  ---------------

OS:
 Windows 11 , 64 bit Build 26100 (10.0.26100.4202)
OS uptime: 1 days 1:53 hours

CPU: total 4 (initial active 4) (2 cores per cpu, 2 threads per core) family 6 model 126 stepping 5 microcode 0x96, cx8, cmov, fxsr, ht, mmx, 3dnowpref, sse, sse2, sse3, ssse3, sse4.1, sse4.2, popcnt, lzcnt, tsc, tscinvbit, avx, avx2, aes, erms, clmul, bmi1, bmi2, adx, avx512f, avx512dq, avx512cd, avx512bw, avx512vl, sha, fma, vzeroupper, avx512_vpopcntdq, avx512_vpclmulqdq, avx512_vaes, avx512_vnni, clflush, clflushopt, avx512_vbmi2, avx512_vbmi, rdtscp, rdpid, fsrm, gfni, avx512_bitalg, f16c, pku, avx512_ifma
Processor Information for the first 4 processors :
  Max Mhz: 1190, Current Mhz: 1190, Mhz Limit: 1190

Memory: 4k page, system-wide physical 3784M (373M free)
TotalPageFile size 15560M (AvailPageFile size 154M)
current process WorkingSet (physical memory assigned to process): 63M, peak: 64M
current process commit charge ("private bytes"): 186M, peak: 187M

vm_info: OpenJDK 64-Bit Server VM (21.0.7+6-LTS) for windows-amd64 JRE (21.0.7+6-LTS), built on 2025-04-15T00:00:00Z by "admin" with MS VC++ 17.7 (VS2022)

END.
